#
# A fatal error has been detected by the Java Runtime Environment:
#
#  EXCEPTION_ACCESS_VIOLATION (0xc0000005) at pc=0x000000006934ad28, pid=27016, tid=22124
#
# JRE version: Java(TM) SE Runtime Environment (13.0.2+8) (build 13.0.2+8)
# Java VM: Java HotSpot(TM) 64-Bit Server VM (13.0.2+8, mixed mode, sharing, tiered, compressed oops, g1 gc, windows-amd64)
# Problematic frame:
# C  [sqlite-3.7.2-sqlitejdbc.dll+0xad28]
#
# No core dump will be written. Minidumps are not enabled by default on client versions of Windows
#
# If you would like to submit a bug report, please visit:
#   http://bugreport.java.com/bugreport/crash.jsp
# The crash happened outside the Java Virtual Machine in native code.
# See problematic frame for where to report the bug.
#

---------------  S U M M A R Y ------------

Command Line: -javaagent:C:\Program Files\JetBrains\IntelliJ IDEA 2020.2.3\lib\idea_rt.jar=64409:C:\Program Files\JetBrains\IntelliJ IDEA 2020.2.3\bin -Dfile.encoding=UTF-8 com.company.Main

Host: AMD Ryzen 7 3750H with Radeon Vega Mobile Gfx  , 8 cores, 7G,  Windows 10 , 64 bit Build 19041 (10.0.19041.804)
Time: Mon Mar  8 16:25:49 2021 GTB Standard Time elapsed time: 2 seconds (0d 0h 0m 2s)

---------------  T H R E A D  ---------------

Current thread (0x0000025efa328000):  JavaThread "P4" [_thread_in_native, id=22124, stack(0x0000007670b00000,0x0000007670c00000)]

Stack: [0x0000007670b00000,0x0000007670c00000],  sp=0x0000007670bfebc0,  free space=1018k
Native frames: (J=compiled Java code, j=interpreted, Vv=VM code, C=native code)
C  [sqlite-3.7.2-sqlitejdbc.dll+0xad28]

Java frames: (J=compiled Java code, j=interpreted, Vv=VM code)
j  org.sqlite.NativeDB.changes()I+0
j  org.sqlite.Stmt.executeUpdate(Ljava/lang/String;)I+60
j  com.company.SQLiteHelper.insertToDb(Lcom/company/Block;)V+33
j  com.company.MyRunnable.addToDatabase()V+30
j  com.company.MyRunnable.run()V+312
j  java.lang.Thread.run()V+11 java.base@13.0.2
v  ~StubRoutines::call_stub

siginfo: EXCEPTION_ACCESS_VIOLATION (0xc0000005), reading address 0x000000000000004c


Register to memory mapping:

RIP=0x000000006934ad28 sqlite-3.7.2-sqlitejdbc.dll
RAX=0x0 is NULL
RBX={method} {0x0000025ef9c38780} 'changes' '()I' in 'org/sqlite/NativeDB'
RCX=0x0 is NULL
RDX=0x0000000000000006 is an unknown value
RSP=0x0000007670bfebc0 is pointing into the stack for thread: 0x0000025efa328000
RBP=0x0000007670bfec80 is pointing into the stack for thread: 0x0000025efa328000
RSI=0x00000000000000ee is an unknown value
RDI=0x0000025e80009c80 is at code_begin+832 in an Interpreter codelet
invoke return entry points  [0x0000025e80009940, 0x0000025e8000a360]  2592 bytes
R8 =0x00000000000000a2 is an unknown value
R9 =0x0000000800bc3240 is a pointer to class: 
org.sqlite.NativeDB {0x0000000800bc3248}
R10=0x00007ffb9cdd0080 jvm.dll
R11=0x0000000000000028 is an unknown value
R12=0x0 is NULL
R13={method} {0x0000025ef9c38780} 'changes' '()I' in 'org/sqlite/NativeDB'
R14=0x0000007670bfeca0 is pointing into the stack for thread: 0x0000025efa328000
R15=0x0000025efa328000 is a thread


Registers:
RAX=0x0000000000000000, RBX=0x0000025ef9c38778, RCX=0x0000000000000000, RDX=0x0000000000000006
RSP=0x0000007670bfebc0, RBP=0x0000007670bfec80, RSI=0x00000000000000ee, RDI=0x0000025e80009c80
R8 =0x00000000000000a2, R9 =0x0000000800bc3240, R10=0x00007ffb9cdd0080, R11=0x0000000000000028
R12=0x0000000000000000, R13=0x0000025ef9c38778, R14=0x0000007670bfeca0, R15=0x0000025efa328000
RIP=0x000000006934ad28, EFLAGS=0x0000000000010206

Top of Stack: (sp=0x0000007670bfebc0)
0x0000007670bfebc0:   00000000000000ee 000000006934225a
0x0000007670bfebd0:   0000025efa1e5890 0000025efa328000
0x0000007670bfebe0:   0000007670bfec28 0000025e800108ca
0x0000007670bfebf0:   0000025e80009c80 0000025e80010254
0x0000007670bfec00:   0000000000000002 0000007670bfec80
0x0000007670bfec10:   00000000000000ee 0000025ef9c464c8
0x0000007670bfec20:   0000025e8000ff24 0000000000000003
0x0000007670bfec30:   0000000089915148 0000007670bfec28
0x0000007670bfec40:   0000025ef9c38778 0000007670bfeca0
0x0000007670bfec50:   0000025ef9c3f308 0000000000000000
0x0000007670bfec60:   000000008a216dd0 0000025ef9c38778
0x0000007670bfec70:   0000000000000000 0000007670bfeca0
0x0000007670bfec80:   0000007670bfecf0 0000025e80009c80
0x0000007670bfec90:   0000000000000000 0000025e8000c416
0x0000007670bfeca0:   0000000089915148 0000007670bfeca8
0x0000007670bfecb0:   0000025ef9c46cbc 0000007670bfed28 

Instructions: (pc=0x000000006934ad28)
0x000000006934ac28:   48 89 f7 49 89 f8 89 e8 83 e8 01 78 36 89 e9 b8
0x000000006934ac38:   00 00 00 00 4d 63 e4 48 8b 93 60 01 00 00 48 89
0x000000006934ac48:   17 48 89 bb 60 01 00 00 4c 89 e2 4c 01 e7 83 c0
0x000000006934ac58:   01 39 c8 75 e2 83 ed 01 48 83 c5 01 48 0f af d5
0x000000006934ac68:   49 01 d0 4c 89 83 70 01 00 00 c6 83 52 01 00 00
0x000000006934ac78:   01 48 85 f6 0f 94 83 53 01 00 00 b8 00 00 00 00
0x000000006934ac88:   eb 1e 48 c7 83 70 01 00 00 00 00 00 00 c6 83 52
0x000000006934ac98:   01 00 00 00 c6 83 53 01 00 00 00 b8 00 00 00 00
0x000000006934aca8:   48 8b 5c 24 20 48 8b 74 24 28 48 8b 7c 24 30 48
0x000000006934acb8:   8b 6c 24 38 4c 8b 64 24 40 48 83 c4 48 c3 48 c7
0x000000006934acc8:   83 68 01 00 00 00 00 00 00 48 c7 83 60 01 00 00
0x000000006934acd8:   00 00 00 00 66 c7 83 50 01 00 00 00 00 eb a3 48
0x000000006934ace8:   83 ec 08 85 d2 7e 1b 48 63 c2 80 7c 01 ff 20 75
0x000000006934acf8:   11 83 ea 01 85 d2 7e 0a 48 63 c2 80 7c 01 ff 20
0x000000006934ad08:   74 ef 85 d2 0f 94 c0 0f b6 c0 48 83 c4 08 c3 48
0x000000006934ad18:   83 ec 08 48 8b 41 40 48 83 c4 08 c3 48 83 ec 08
0x000000006934ad28:   8b 41 4c 48 83 c4 08 c3 48 83 ec 08 8b 41 50 48
0x000000006934ad38:   83 c4 08 c3 53 48 83 ec 20 48 89 cb 48 8b 91 08
0x000000006934ad48:   03 00 00 48 85 d2 74 1f 48 8b 42 10 48 89 83 08
0x000000006934ad58:   03 00 00 48 89 d9 e8 ff 91 ff ff 48 8b 93 08 03
0x000000006934ad68:   00 00 48 85 d2 75 e1 c7 83 10 03 00 00 00 00 00
0x000000006934ad78:   00 c7 83 14 03 00 00 00 00 00 00 c6 83 18 03 00
0x000000006934ad88:   00 00 48 83 c4 20 5b c3 48 83 ec 08 81 e1 ff 00
0x000000006934ad98:   00 00 48 8d 05 e4 85 06 00 83 f9 1a 77 1c 48 63
0x000000006934ada8:   c9 48 8d 05 10 59 06 00 48 8b 04 c8 48 85 c0 48
0x000000006934adb8:   8d 15 c7 85 06 00 48 0f 44 c2 48 83 c4 08 c3 48
0x000000006934adc8:   83 ec 28 44 8b 81 c0 02 00 00 83 fa 0b 77 1c 48
0x000000006934add8:   63 c2 48 8d 15 57 f0 06 00 0f b6 14 02 4c 8d 0d
0x000000006934ade8:   40 f0 06 00 41 0f b6 04 01 eb 10 8d 42 f5 6b c0
0x000000006934adf8:   64 05 e4 00 00 00 ba 64 00 00 00 44 8d 0c 10 45
0x000000006934ae08:   39 c8 7d 0e 44 89 c2 29 c2 b8 00 00 00 00 85 d2
0x000000006934ae18:   7e 13 69 d2 e8 03 00 00 48 8b 09 e8 f4 89 ff ff 


Stack slot to memory mapping:
stack at sp + 0 slots: 0x00000000000000ee is an unknown value
stack at sp + 1 slots: 0x000000006934225a sqlite-3.7.2-sqlitejdbc.dll
stack at sp + 2 slots: 0x0000025efa1e5890 points into unknown readable memory: 02 00 00 00 5f 73 75 6e
stack at sp + 3 slots: 0x0000025efa328000 is a thread
stack at sp + 4 slots: 0x0000007670bfec28 is pointing into the stack for thread: 0x0000025efa328000
stack at sp + 5 slots: 0x0000025e800108ca is at code_begin+3178 in an Interpreter codelet
method entry point (kind = native_synchronized)  [0x0000025e8000fc60, 0x0000025e800109a0]  3392 bytes
stack at sp + 6 slots: 0x0000025e80009c80 is at code_begin+832 in an Interpreter codelet
invoke return entry points  [0x0000025e80009940, 0x0000025e8000a360]  2592 bytes
stack at sp + 7 slots: 0x0000025e80010254 is at code_begin+1524 in an Interpreter codelet
method entry point (kind = native_synchronized)  [0x0000025e8000fc60, 0x0000025e800109a0]  3392 bytes


---------------  P R O C E S S  ---------------

Threads class SMR info:
_java_thread_list=0x0000025efa326940, length=19, elements={
0x0000025ef9760800, 0x0000025ef9766800, 0x0000025ef9782000, 0x0000025ef9783000,
0x0000025ef9785800, 0x0000025ef978a800, 0x0000025ef97b8000, 0x0000025ef9745800,
0x0000025efa213000, 0x0000025efa213800, 0x0000025efa328000, 0x0000025efa329000,
0x0000025efa32a000, 0x0000025efa32d000, 0x0000025efa349000, 0x0000025efa34f000,
0x0000025efa355000, 0x0000025efa5ed000, 0x0000025efa8d2000
}

Java Threads: ( => current thread )
  0x0000025ef9760800 JavaThread "Reference Handler" daemon [_thread_blocked, id=34160, stack(0x000000766fd00000,0x000000766fe00000)]
  0x0000025ef9766800 JavaThread "Finalizer" daemon [_thread_blocked, id=32404, stack(0x000000766fe00000,0x000000766ff00000)]
  0x0000025ef9782000 JavaThread "Signal Dispatcher" daemon [_thread_blocked, id=27928, stack(0x000000766ff00000,0x0000007670000000)]
  0x0000025ef9783000 JavaThread "Attach Listener" daemon [_thread_blocked, id=34224, stack(0x0000007670000000,0x0000007670100000)]
  0x0000025ef9785800 JavaThread "C2 CompilerThread0" daemon [_thread_in_native, id=32060, stack(0x0000007670100000,0x0000007670200000)]
  0x0000025ef978a800 JavaThread "C1 CompilerThread0" daemon [_thread_blocked, id=32900, stack(0x0000007670200000,0x0000007670300000)]
  0x0000025ef97b8000 JavaThread "Sweeper thread" daemon [_thread_blocked, id=28384, stack(0x0000007670300000,0x0000007670400000)]
  0x0000025ef9745800 JavaThread "Common-Cleaner" daemon [_thread_blocked, id=29812, stack(0x0000007670400000,0x0000007670500000)]
  0x0000025efa213000 JavaThread "Monitor Ctrl-Break" daemon [_thread_in_native, id=2360, stack(0x0000007670500000,0x0000007670600000)]
  0x0000025efa213800 JavaThread "Service Thread" daemon [_thread_blocked, id=34540, stack(0x0000007670600000,0x0000007670700000)]
=>0x0000025efa328000 JavaThread "P4" [_thread_in_native, id=22124, stack(0x0000007670b00000,0x0000007670c00000)]
  0x0000025efa329000 JavaThread "P5" [_thread_blocked, id=14960, stack(0x0000007670c00000,0x0000007670d00000)]
  0x0000025efa32a000 JavaThread "P6" [_thread_blocked, id=28420, stack(0x0000007670d00000,0x0000007670e00000)]
  0x0000025efa32d000 JavaThread "P7" [_thread_blocked, id=28712, stack(0x0000007670e00000,0x0000007670f00000)]
  0x0000025efa349000 JavaThread "P8" [_thread_blocked, id=33656, stack(0x0000007670f00000,0x0000007671000000)]
  0x0000025efa34f000 JavaThread "P9" [_thread_blocked, id=9724, stack(0x0000007671000000,0x0000007671100000)]
  0x0000025efa355000 JavaThread "DestroyJavaVM" [_thread_blocked, id=18196, stack(0x000000766f600000,0x000000766f700000)]
  0x0000025efa5ed000 JavaThread "C2 CompilerThread1" daemon [_thread_in_native, id=29168, stack(0x0000007671100000,0x0000007671200000)]
  0x0000025efa8d2000 JavaThread "C2 CompilerThread2" daemon [_thread_in_native, id=34116, stack(0x0000007671200000,0x0000007671300000)]

Other Threads:
  0x0000025ef975e800 VMThread "VM Thread" [stack: 0x000000766fc00000,0x000000766fd00000] [id=10828]
  0x0000025efa262000 WatcherThread [stack: 0x0000007670700000,0x0000007670800000] [id=13092]
  0x0000025ee9936800 GCTaskThread "GC Thread#0" [stack: 0x000000766f700000,0x000000766f800000] [id=16076]
  0x0000025ee9947800 ConcurrentGCThread "G1 Main Marker" [stack: 0x000000766f800000,0x000000766f900000] [id=26284]
  0x0000025ee9949800 ConcurrentGCThread "G1 Conc#0" [stack: 0x000000766f900000,0x000000766fa00000] [id=19992]
  0x0000025ef95da800 ConcurrentGCThread "G1 Refine#0" [stack: 0x000000766fa00000,0x000000766fb00000] [id=21064]
  0x0000025ef95dc000 ConcurrentGCThread "G1 Young RemSet Sampling" [stack: 0x000000766fb00000,0x000000766fc00000] [id=17932]

Threads with active compile tasks:
C2 CompilerThread0     2574  600       4       java.util.regex.Pattern$GroupHead::match (47 bytes)
C2 CompilerThread1     2574  610       4       java.util.regex.Matcher::search (154 bytes)
C2 CompilerThread2     2574  635       4       java.util.regex.Pattern$Branch::match (66 bytes)

VM state:not at safepoint (normal execution)

VM Mutex/Monitor currently owned by a thread: None

Heap address: 0x0000000082e00000, size: 2002 MB, Compressed Oops mode: 32-bit
Narrow klass base: 0x0000000800000000, Narrow klass shift: 3
Compressed class space size: 1073741824 Address: 0x0000000800b40000

Heap:
 garbage-first heap   total 129024K, used 18432K [0x0000000082e00000, 0x0000000100000000)
  region size 1024K, 19 young (19456K), 0 survivors (0K)
 Metaspace       used 2873K, capacity 5381K, committed 5504K, reserved 1056768K
  class space    used 283K, capacity 590K, committed 640K, reserved 1048576K
Heap Regions: E=young(eden), S=young(survivor), O=old, HS=humongous(starts), HC=humongous(continues), CS=collection set, F=free, A=archive, TAMS=top-at-mark-start (previous, next)
|   0|0x0000000082e00000, 0x0000000082e00000, 0x0000000082f00000|  0%| F|  |TAMS 0x0000000082e00000, 0x0000000082e00000| Untracked 
|   1|0x0000000082f00000, 0x0000000082f00000, 0x0000000083000000|  0%| F|  |TAMS 0x0000000082f00000, 0x0000000082f00000| Untracked 
|   2|0x0000000083000000, 0x0000000083000000, 0x0000000083100000|  0%| F|  |TAMS 0x0000000083000000, 0x0000000083000000| Untracked 
|   3|0x0000000083100000, 0x0000000083100000, 0x0000000083200000|  0%| F|  |TAMS 0x0000000083100000, 0x0000000083100000| Untracked 
|   4|0x0000000083200000, 0x0000000083200000, 0x0000000083300000|  0%| F|  |TAMS 0x0000000083200000, 0x0000000083200000| Untracked 
|   5|0x0000000083300000, 0x0000000083300000, 0x0000000083400000|  0%| F|  |TAMS 0x0000000083300000, 0x0000000083300000| Untracked 
|   6|0x0000000083400000, 0x0000000083400000, 0x0000000083500000|  0%| F|  |TAMS 0x0000000083400000, 0x0000000083400000| Untracked 
|   7|0x0000000083500000, 0x0000000083500000, 0x0000000083600000|  0%| F|  |TAMS 0x0000000083500000, 0x0000000083500000| Untracked 
|   8|0x0000000083600000, 0x0000000083600000, 0x0000000083700000|  0%| F|  |TAMS 0x0000000083600000, 0x0000000083600000| Untracked 
|   9|0x0000000083700000, 0x0000000083700000, 0x0000000083800000|  0%| F|  |TAMS 0x0000000083700000, 0x0000000083700000| Untracked 
|  10|0x0000000083800000, 0x0000000083800000, 0x0000000083900000|  0%| F|  |TAMS 0x0000000083800000, 0x0000000083800000| Untracked 
|  11|0x0000000083900000, 0x0000000083900000, 0x0000000083a00000|  0%| F|  |TAMS 0x0000000083900000, 0x0000000083900000| Untracked 
|  12|0x0000000083a00000, 0x0000000083a00000, 0x0000000083b00000|  0%| F|  |TAMS 0x0000000083a00000, 0x0000000083a00000| Untracked 
|  13|0x0000000083b00000, 0x0000000083b00000, 0x0000000083c00000|  0%| F|  |TAMS 0x0000000083b00000, 0x0000000083b00000| Untracked 
|  14|0x0000000083c00000, 0x0000000083c00000, 0x0000000083d00000|  0%| F|  |TAMS 0x0000000083c00000, 0x0000000083c00000| Untracked 
|  15|0x0000000083d00000, 0x0000000083d00000, 0x0000000083e00000|  0%| F|  |TAMS 0x0000000083d00000, 0x0000000083d00000| Untracked 
|  16|0x0000000083e00000, 0x0000000083e00000, 0x0000000083f00000|  0%| F|  |TAMS 0x0000000083e00000, 0x0000000083e00000| Untracked 
|  17|0x0000000083f00000, 0x0000000083f00000, 0x0000000084000000|  0%| F|  |TAMS 0x0000000083f00000, 0x0000000083f00000| Untracked 
|  18|0x0000000084000000, 0x0000000084000000, 0x0000000084100000|  0%| F|  |TAMS 0x0000000084000000, 0x0000000084000000| Untracked 
|  19|0x0000000084100000, 0x0000000084100000, 0x0000000084200000|  0%| F|  |TAMS 0x0000000084100000, 0x0000000084100000| Untracked 
|  20|0x0000000084200000, 0x0000000084200000, 0x0000000084300000|  0%| F|  |TAMS 0x0000000084200000, 0x0000000084200000| Untracked 
|  21|0x0000000084300000, 0x0000000084300000, 0x0000000084400000|  0%| F|  |TAMS 0x0000000084300000, 0x0000000084300000| Untracked 
|  22|0x0000000084400000, 0x0000000084400000, 0x0000000084500000|  0%| F|  |TAMS 0x0000000084400000, 0x0000000084400000| Untracked 
|  23|0x0000000084500000, 0x0000000084500000, 0x0000000084600000|  0%| F|  |TAMS 0x0000000084500000, 0x0000000084500000| Untracked 
|  24|0x0000000084600000, 0x0000000084600000, 0x0000000084700000|  0%| F|  |TAMS 0x0000000084600000, 0x0000000084600000| Untracked 
|  25|0x0000000084700000, 0x0000000084700000, 0x0000000084800000|  0%| F|  |TAMS 0x0000000084700000, 0x0000000084700000| Untracked 
|  26|0x0000000084800000, 0x0000000084800000, 0x0000000084900000|  0%| F|  |TAMS 0x0000000084800000, 0x0000000084800000| Untracked 
|  27|0x0000000084900000, 0x0000000084900000, 0x0000000084a00000|  0%| F|  |TAMS 0x0000000084900000, 0x0000000084900000| Untracked 
|  28|0x0000000084a00000, 0x0000000084a00000, 0x0000000084b00000|  0%| F|  |TAMS 0x0000000084a00000, 0x0000000084a00000| Untracked 
|  29|0x0000000084b00000, 0x0000000084b00000, 0x0000000084c00000|  0%| F|  |TAMS 0x0000000084b00000, 0x0000000084b00000| Untracked 
|  30|0x0000000084c00000, 0x0000000084c00000, 0x0000000084d00000|  0%| F|  |TAMS 0x0000000084c00000, 0x0000000084c00000| Untracked 
|  31|0x0000000084d00000, 0x0000000084d00000, 0x0000000084e00000|  0%| F|  |TAMS 0x0000000084d00000, 0x0000000084d00000| Untracked 
|  32|0x0000000084e00000, 0x0000000084e00000, 0x0000000084f00000|  0%| F|  |TAMS 0x0000000084e00000, 0x0000000084e00000| Untracked 
|  33|0x0000000084f00000, 0x0000000084f00000, 0x0000000085000000|  0%| F|  |TAMS 0x0000000084f00000, 0x0000000084f00000| Untracked 
|  34|0x0000000085000000, 0x0000000085000000, 0x0000000085100000|  0%| F|  |TAMS 0x0000000085000000, 0x0000000085000000| Untracked 
|  35|0x0000000085100000, 0x0000000085100000, 0x0000000085200000|  0%| F|  |TAMS 0x0000000085100000, 0x0000000085100000| Untracked 
|  36|0x0000000085200000, 0x0000000085200000, 0x0000000085300000|  0%| F|  |TAMS 0x0000000085200000, 0x0000000085200000| Untracked 
|  37|0x0000000085300000, 0x0000000085300000, 0x0000000085400000|  0%| F|  |TAMS 0x0000000085300000, 0x0000000085300000| Untracked 
|  38|0x0000000085400000, 0x0000000085400000, 0x0000000085500000|  0%| F|  |TAMS 0x0000000085400000, 0x0000000085400000| Untracked 
|  39|0x0000000085500000, 0x0000000085500000, 0x0000000085600000|  0%| F|  |TAMS 0x0000000085500000, 0x0000000085500000| Untracked 
|  40|0x0000000085600000, 0x0000000085600000, 0x0000000085700000|  0%| F|  |TAMS 0x0000000085600000, 0x0000000085600000| Untracked 
|  41|0x0000000085700000, 0x0000000085700000, 0x0000000085800000|  0%| F|  |TAMS 0x0000000085700000, 0x0000000085700000| Untracked 
|  42|0x0000000085800000, 0x0000000085800000, 0x0000000085900000|  0%| F|  |TAMS 0x0000000085800000, 0x0000000085800000| Untracked 
|  43|0x0000000085900000, 0x0000000085900000, 0x0000000085a00000|  0%| F|  |TAMS 0x0000000085900000, 0x0000000085900000| Untracked 
|  44|0x0000000085a00000, 0x0000000085a00000, 0x0000000085b00000|  0%| F|  |TAMS 0x0000000085a00000, 0x0000000085a00000| Untracked 
|  45|0x0000000085b00000, 0x0000000085b00000, 0x0000000085c00000|  0%| F|  |TAMS 0x0000000085b00000, 0x0000000085b00000| Untracked 
|  46|0x0000000085c00000, 0x0000000085c00000, 0x0000000085d00000|  0%| F|  |TAMS 0x0000000085c00000, 0x0000000085c00000| Untracked 
|  47|0x0000000085d00000, 0x0000000085d00000, 0x0000000085e00000|  0%| F|  |TAMS 0x0000000085d00000, 0x0000000085d00000| Untracked 
|  48|0x0000000085e00000, 0x0000000085e00000, 0x0000000085f00000|  0%| F|  |TAMS 0x0000000085e00000, 0x0000000085e00000| Untracked 
|  49|0x0000000085f00000, 0x0000000085f00000, 0x0000000086000000|  0%| F|  |TAMS 0x0000000085f00000, 0x0000000085f00000| Untracked 
|  50|0x0000000086000000, 0x0000000086000000, 0x0000000086100000|  0%| F|  |TAMS 0x0000000086000000, 0x0000000086000000| Untracked 
|  51|0x0000000086100000, 0x0000000086100000, 0x0000000086200000|  0%| F|  |TAMS 0x0000000086100000, 0x0000000086100000| Untracked 
|  52|0x0000000086200000, 0x0000000086200000, 0x0000000086300000|  0%| F|  |TAMS 0x0000000086200000, 0x0000000086200000| Untracked 
|  53|0x0000000086300000, 0x0000000086300000, 0x0000000086400000|  0%| F|  |TAMS 0x0000000086300000, 0x0000000086300000| Untracked 
|  54|0x0000000086400000, 0x0000000086400000, 0x0000000086500000|  0%| F|  |TAMS 0x0000000086400000, 0x0000000086400000| Untracked 
|  55|0x0000000086500000, 0x0000000086500000, 0x0000000086600000|  0%| F|  |TAMS 0x0000000086500000, 0x0000000086500000| Untracked 
|  56|0x0000000086600000, 0x0000000086600000, 0x0000000086700000|  0%| F|  |TAMS 0x0000000086600000, 0x0000000086600000| Untracked 
|  57|0x0000000086700000, 0x0000000086700000, 0x0000000086800000|  0%| F|  |TAMS 0x0000000086700000, 0x0000000086700000| Untracked 
|  58|0x0000000086800000, 0x0000000086800000, 0x0000000086900000|  0%| F|  |TAMS 0x0000000086800000, 0x0000000086800000| Untracked 
|  59|0x0000000086900000, 0x0000000086900000, 0x0000000086a00000|  0%| F|  |TAMS 0x0000000086900000, 0x0000000086900000| Untracked 
|  60|0x0000000086a00000, 0x0000000086a00000, 0x0000000086b00000|  0%| F|  |TAMS 0x0000000086a00000, 0x0000000086a00000| Untracked 
|  61|0x0000000086b00000, 0x0000000086b00000, 0x0000000086c00000|  0%| F|  |TAMS 0x0000000086b00000, 0x0000000086b00000| Untracked 
|  62|0x0000000086c00000, 0x0000000086c00000, 0x0000000086d00000|  0%| F|  |TAMS 0x0000000086c00000, 0x0000000086c00000| Untracked 
|  63|0x0000000086d00000, 0x0000000086d00000, 0x0000000086e00000|  0%| F|  |TAMS 0x0000000086d00000, 0x0000000086d00000| Untracked 
|  64|0x0000000086e00000, 0x0000000086e00000, 0x0000000086f00000|  0%| F|  |TAMS 0x0000000086e00000, 0x0000000086e00000| Untracked 
|  65|0x0000000086f00000, 0x0000000086f00000, 0x0000000087000000|  0%| F|  |TAMS 0x0000000086f00000, 0x0000000086f00000| Untracked 
|  66|0x0000000087000000, 0x0000000087000000, 0x0000000087100000|  0%| F|  |TAMS 0x0000000087000000, 0x0000000087000000| Untracked 
|  67|0x0000000087100000, 0x0000000087100000, 0x0000000087200000|  0%| F|  |TAMS 0x0000000087100000, 0x0000000087100000| Untracked 
|  68|0x0000000087200000, 0x0000000087200000, 0x0000000087300000|  0%| F|  |TAMS 0x0000000087200000, 0x0000000087200000| Untracked 
|  69|0x0000000087300000, 0x0000000087300000, 0x0000000087400000|  0%| F|  |TAMS 0x0000000087300000, 0x0000000087300000| Untracked 
|  70|0x0000000087400000, 0x0000000087400000, 0x0000000087500000|  0%| F|  |TAMS 0x0000000087400000, 0x0000000087400000| Untracked 
|  71|0x0000000087500000, 0x0000000087500000, 0x0000000087600000|  0%| F|  |TAMS 0x0000000087500000, 0x0000000087500000| Untracked 
|  72|0x0000000087600000, 0x0000000087600000, 0x0000000087700000|  0%| F|  |TAMS 0x0000000087600000, 0x0000000087600000| Untracked 
|  73|0x0000000087700000, 0x0000000087700000, 0x0000000087800000|  0%| F|  |TAMS 0x0000000087700000, 0x0000000087700000| Untracked 
|  74|0x0000000087800000, 0x0000000087800000, 0x0000000087900000|  0%| F|  |TAMS 0x0000000087800000, 0x0000000087800000| Untracked 
|  75|0x0000000087900000, 0x0000000087900000, 0x0000000087a00000|  0%| F|  |TAMS 0x0000000087900000, 0x0000000087900000| Untracked 
|  76|0x0000000087a00000, 0x0000000087a00000, 0x0000000087b00000|  0%| F|  |TAMS 0x0000000087a00000, 0x0000000087a00000| Untracked 
|  77|0x0000000087b00000, 0x0000000087b00000, 0x0000000087c00000|  0%| F|  |TAMS 0x0000000087b00000, 0x0000000087b00000| Untracked 
|  78|0x0000000087c00000, 0x0000000087c00000, 0x0000000087d00000|  0%| F|  |TAMS 0x0000000087c00000, 0x0000000087c00000| Untracked 
|  79|0x0000000087d00000, 0x0000000087d00000, 0x0000000087e00000|  0%| F|  |TAMS 0x0000000087d00000, 0x0000000087d00000| Untracked 
|  80|0x0000000087e00000, 0x0000000087e00000, 0x0000000087f00000|  0%| F|  |TAMS 0x0000000087e00000, 0x0000000087e00000| Untracked 
|  81|0x0000000087f00000, 0x0000000087f00000, 0x0000000088000000|  0%| F|  |TAMS 0x0000000087f00000, 0x0000000087f00000| Untracked 
|  82|0x0000000088000000, 0x0000000088000000, 0x0000000088100000|  0%| F|  |TAMS 0x0000000088000000, 0x0000000088000000| Untracked 
|  83|0x0000000088100000, 0x0000000088100000, 0x0000000088200000|  0%| F|  |TAMS 0x0000000088100000, 0x0000000088100000| Untracked 
|  84|0x0000000088200000, 0x0000000088200000, 0x0000000088300000|  0%| F|  |TAMS 0x0000000088200000, 0x0000000088200000| Untracked 
|  85|0x0000000088300000, 0x0000000088300000, 0x0000000088400000|  0%| F|  |TAMS 0x0000000088300000, 0x0000000088300000| Untracked 
|  86|0x0000000088400000, 0x0000000088400000, 0x0000000088500000|  0%| F|  |TAMS 0x0000000088400000, 0x0000000088400000| Untracked 
|  87|0x0000000088500000, 0x0000000088500000, 0x0000000088600000|  0%| F|  |TAMS 0x0000000088500000, 0x0000000088500000| Untracked 
|  88|0x0000000088600000, 0x0000000088600000, 0x0000000088700000|  0%| F|  |TAMS 0x0000000088600000, 0x0000000088600000| Untracked 
|  89|0x0000000088700000, 0x0000000088700000, 0x0000000088800000|  0%| F|  |TAMS 0x0000000088700000, 0x0000000088700000| Untracked 
|  90|0x0000000088800000, 0x0000000088800000, 0x0000000088900000|  0%| F|  |TAMS 0x0000000088800000, 0x0000000088800000| Untracked 
|  91|0x0000000088900000, 0x0000000088900000, 0x0000000088a00000|  0%| F|  |TAMS 0x0000000088900000, 0x0000000088900000| Untracked 
|  92|0x0000000088a00000, 0x0000000088a00000, 0x0000000088b00000|  0%| F|  |TAMS 0x0000000088a00000, 0x0000000088a00000| Untracked 
|  93|0x0000000088b00000, 0x0000000088b00000, 0x0000000088c00000|  0%| F|  |TAMS 0x0000000088b00000, 0x0000000088b00000| Untracked 
|  94|0x0000000088c00000, 0x0000000088c00000, 0x0000000088d00000|  0%| F|  |TAMS 0x0000000088c00000, 0x0000000088c00000| Untracked 
|  95|0x0000000088d00000, 0x0000000088d00000, 0x0000000088e00000|  0%| F|  |TAMS 0x0000000088d00000, 0x0000000088d00000| Untracked 
|  96|0x0000000088e00000, 0x0000000088e00000, 0x0000000088f00000|  0%| F|  |TAMS 0x0000000088e00000, 0x0000000088e00000| Untracked 
|  97|0x0000000088f00000, 0x0000000088f00000, 0x0000000089000000|  0%| F|  |TAMS 0x0000000088f00000, 0x0000000088f00000| Untracked 
|  98|0x0000000089000000, 0x0000000089000000, 0x0000000089100000|  0%| F|  |TAMS 0x0000000089000000, 0x0000000089000000| Untracked 
|  99|0x0000000089100000, 0x0000000089100000, 0x0000000089200000|  0%| F|  |TAMS 0x0000000089100000, 0x0000000089100000| Untracked 
| 100|0x0000000089200000, 0x0000000089200000, 0x0000000089300000|  0%| F|  |TAMS 0x0000000089200000, 0x0000000089200000| Untracked 
| 101|0x0000000089300000, 0x0000000089300000, 0x0000000089400000|  0%| F|  |TAMS 0x0000000089300000, 0x0000000089300000| Untracked 
| 102|0x0000000089400000, 0x0000000089400000, 0x0000000089500000|  0%| F|  |TAMS 0x0000000089400000, 0x0000000089400000| Untracked 
| 103|0x0000000089500000, 0x0000000089500000, 0x0000000089600000|  0%| F|  |TAMS 0x0000000089500000, 0x0000000089500000| Untracked 
| 104|0x0000000089600000, 0x0000000089600000, 0x0000000089700000|  0%| F|  |TAMS 0x0000000089600000, 0x0000000089600000| Untracked 
| 105|0x0000000089700000, 0x0000000089700000, 0x0000000089800000|  0%| F|  |TAMS 0x0000000089700000, 0x0000000089700000| Untracked 
| 106|0x0000000089800000, 0x0000000089800000, 0x0000000089900000|  0%| F|  |TAMS 0x0000000089800000, 0x0000000089800000| Untracked 
| 107|0x0000000089900000, 0x000000008997b628, 0x0000000089a00000| 48%| E|  |TAMS 0x0000000089900000, 0x0000000089900000| Complete 
| 108|0x0000000089a00000, 0x0000000089b00000, 0x0000000089b00000|100%| E|CS|TAMS 0x0000000089a00000, 0x0000000089a00000| Complete 
| 109|0x0000000089b00000, 0x0000000089c00000, 0x0000000089c00000|100%| E|CS|TAMS 0x0000000089b00000, 0x0000000089b00000| Complete 
| 110|0x0000000089c00000, 0x0000000089d00000, 0x0000000089d00000|100%| E|CS|TAMS 0x0000000089c00000, 0x0000000089c00000| Complete 
| 111|0x0000000089d00000, 0x0000000089e00000, 0x0000000089e00000|100%| E|CS|TAMS 0x0000000089d00000, 0x0000000089d00000| Complete 
| 112|0x0000000089e00000, 0x0000000089f00000, 0x0000000089f00000|100%| E|CS|TAMS 0x0000000089e00000, 0x0000000089e00000| Complete 
| 113|0x0000000089f00000, 0x000000008a000000, 0x000000008a000000|100%| E|CS|TAMS 0x0000000089f00000, 0x0000000089f00000| Complete 
| 114|0x000000008a000000, 0x000000008a100000, 0x000000008a100000|100%| E|CS|TAMS 0x000000008a000000, 0x000000008a000000| Complete 
| 115|0x000000008a100000, 0x000000008a200000, 0x000000008a200000|100%| E|CS|TAMS 0x000000008a100000, 0x000000008a100000| Complete 
| 116|0x000000008a200000, 0x000000008a300000, 0x000000008a300000|100%| E|CS|TAMS 0x000000008a200000, 0x000000008a200000| Complete 
| 117|0x000000008a300000, 0x000000008a400000, 0x000000008a400000|100%| E|CS|TAMS 0x000000008a300000, 0x000000008a300000| Complete 
| 118|0x000000008a400000, 0x000000008a500000, 0x000000008a500000|100%| E|CS|TAMS 0x000000008a400000, 0x000000008a400000| Complete 
| 119|0x000000008a500000, 0x000000008a600000, 0x000000008a600000|100%| E|CS|TAMS 0x000000008a500000, 0x000000008a500000| Complete 
| 120|0x000000008a600000, 0x000000008a700000, 0x000000008a700000|100%| E|CS|TAMS 0x000000008a600000, 0x000000008a600000| Complete 
| 121|0x000000008a700000, 0x000000008a800000, 0x000000008a800000|100%| E|CS|TAMS 0x000000008a700000, 0x000000008a700000| Complete 
| 122|0x000000008a800000, 0x000000008a900000, 0x000000008a900000|100%| E|CS|TAMS 0x000000008a800000, 0x000000008a800000| Complete 
| 123|0x000000008a900000, 0x000000008aa00000, 0x000000008aa00000|100%| E|CS|TAMS 0x000000008a900000, 0x000000008a900000| Complete 
| 124|0x000000008aa00000, 0x000000008ab00000, 0x000000008ab00000|100%| E|CS|TAMS 0x000000008aa00000, 0x000000008aa00000| Complete 
| 125|0x000000008ab00000, 0x000000008ac00000, 0x000000008ac00000|100%| E|CS|TAMS 0x000000008ab00000, 0x000000008ab00000| Complete 

Card table byte_map: [0x0000025ef2630000,0x0000025ef2a20000] _byte_map_base: 0x0000025ef2219000

Marking Bits (Prev, Next): (CMBitMap*) 0x0000025ee9937258, (CMBitMap*) 0x0000025ee9937298
 Prev Bits: [0x0000025ef2e10000, 0x0000025ef4d58000)
 Next Bits: [0x0000025ef4d60000, 0x0000025ef6ca8000)

Polling page: 0x0000025ee90d0000

Metaspace:

Usage:
  Non-class:      4.68 MB capacity,     2.53 MB ( 54%) used,     2.14 MB ( 46%) free+waste,    14.06 KB ( <1%) overhead. 
      Class:    590.00 KB capacity,   283.88 KB ( 48%) used,   297.55 KB ( 50%) free+waste,     8.56 KB (  1%) overhead. 
       Both:      5.25 MB capacity,     2.81 MB ( 53%) used,     2.43 MB ( 46%) free+waste,    22.63 KB ( <1%) overhead. 

Virtual space:
  Non-class space:        8.00 MB reserved,       4.75 MB ( 59%) committed 
      Class space:        1.00 GB reserved,     640.00 KB ( <1%) committed 
             Both:        1.01 GB reserved,       5.38 MB ( <1%) committed 

Chunk freelists:
   Non-Class:  9.00 KB
       Class:  0 bytes
        Both:  9.00 KB

MaxMetaspaceSize: 17179869184.00 GB
CompressedClassSpaceSize: 1.00 GB

CodeHeap 'non-profiled nmethods': size=120000Kb used=211Kb max_used=211Kb free=119789Kb
 bounds [0x0000025e87ad0000, 0x0000025e87d40000, 0x0000025e8f000000]
CodeHeap 'profiled nmethods': size=120000Kb used=1287Kb max_used=1287Kb free=118712Kb
 bounds [0x0000025e805a0000, 0x0000025e80810000, 0x0000025e87ad0000]
CodeHeap 'non-nmethods': size=5760Kb used=1173Kb max_used=1181Kb free=4586Kb
 bounds [0x0000025e80000000, 0x0000025e80270000, 0x0000025e805a0000]
 total_blobs=1612 nmethods=803 adapters=336
 compilation: enabled
              stopped_count=0, restarted_count=0
 full_count=0

Compilation events (20 events):
Event: 2.527 Thread 0x0000025ef978a800  831       2       sun.security.jca.Providers::getProviderList (14 bytes)
Event: 2.527 Thread 0x0000025ef978a800 nmethod 831 0x0000025e806dad90 code [0x0000025e806daf40, 0x0000025e806db130]
Event: 2.527 Thread 0x0000025ef978a800  832       2       sun.security.jca.Providers::getThreadProviderList (18 bytes)
Event: 2.527 Thread 0x0000025ef978a800 nmethod 832 0x0000025e806db210 code [0x0000025e806db3c0, 0x0000025e806db590]
Event: 2.527 Thread 0x0000025ef978a800  834       2       sun.security.jca.ProviderList::getService (120 bytes)
Event: 2.528 Thread 0x0000025ef978a800 nmethod 834 0x0000025e806db690 code [0x0000025e806db8c0, 0x0000025e806dbeb0]
Event: 2.528 Thread 0x0000025ef978a800  835       2       sun.security.jca.ProviderList::getProvider (22 bytes)
Event: 2.528 Thread 0x0000025ef978a800 nmethod 835 0x0000025e806dc310 code [0x0000025e806dc4c0, 0x0000025e806dc6b0]
Event: 2.528 Thread 0x0000025ef978a800  836  s!   2       sun.security.jca.ProviderConfig::getProvider (297 bytes)
Event: 2.529 Thread 0x0000025ef978a800 nmethod 836 0x0000025e806dc810 code [0x0000025e806dcb20, 0x0000025e806dd720]
Event: 2.529 Thread 0x0000025ef978a800  839  s    2       java.lang.StringBuffer::toString (59 bytes)
Event: 2.529 Thread 0x0000025ef978a800 nmethod 839 0x0000025e806ddd10 code [0x0000025e806ddee0, 0x0000025e806de540]
Event: 2.529 Thread 0x0000025ef978a800  837       2       java.lang.Long::toString (55 bytes)
Event: 2.529 Thread 0x0000025ef978a800 nmethod 837 0x0000025e806de690 code [0x0000025e806de840, 0x0000025e806deb40]
Event: 2.529 Thread 0x0000025ef978a800  838   !   2       java.lang.StringCoding::encode (324 bytes)
Event: 2.531 Thread 0x0000025ef978a800 nmethod 838 0x0000025e806dec90 code [0x0000025e806defe0, 0x0000025e806e04f0]
Event: 2.531 Thread 0x0000025ef978a800  833       2       sun.security.jca.Providers::getSystemProviderList (4 bytes)
Event: 2.531 Thread 0x0000025ef978a800 nmethod 833 0x0000025e806e0f90 code [0x0000025e806e1120, 0x0000025e806e1258]
Event: 2.531 Thread 0x0000025ef978a800  840   !   2       jdk.internal.reflect.GeneratedConstructorAccessor1::newInstance (49 bytes)
Event: 2.531 Thread 0x0000025ef978a800 nmethod 840 0x0000025e806e1310 code [0x0000025e806e1500, 0x0000025e806e19f0]

GC Heap History (0 events):
No events

Deoptimization events (20 events):
Event: 2.405 Thread 0x0000025efa321000 DEOPT PACKING pc=0x0000025e806ac7f2 sp=0x00000076708fde30
Event: 2.405 Thread 0x0000025efa321000 DEOPT UNPACKING pc=0x0000025e8004964e sp=0x00000076708fd3a8 mode 0
Event: 2.406 Thread 0x0000025efa321000 DEOPT PACKING pc=0x0000025e806ac7f2 sp=0x00000076708fde30
Event: 2.406 Thread 0x0000025efa321000 DEOPT UNPACKING pc=0x0000025e8004964e sp=0x00000076708fd3a8 mode 0
Event: 2.407 Thread 0x0000025efa321000 DEOPT PACKING pc=0x0000025e806ac7f2 sp=0x00000076708fde30
Event: 2.407 Thread 0x0000025efa321000 DEOPT UNPACKING pc=0x0000025e8004964e sp=0x00000076708fd3a8 mode 0
Event: 2.408 Thread 0x0000025efa321000 DEOPT PACKING pc=0x0000025e806ac7f2 sp=0x00000076708fde30
Event: 2.408 Thread 0x0000025efa321000 DEOPT UNPACKING pc=0x0000025e8004964e sp=0x00000076708fd3a8 mode 0
Event: 2.409 Thread 0x0000025efa321000 DEOPT PACKING pc=0x0000025e806ac7f2 sp=0x00000076708fde30
Event: 2.409 Thread 0x0000025efa321000 DEOPT UNPACKING pc=0x0000025e8004964e sp=0x00000076708fd3a8 mode 0
Event: 2.410 Thread 0x0000025efa321000 DEOPT PACKING pc=0x0000025e806ac7f2 sp=0x00000076708fde30
Event: 2.410 Thread 0x0000025efa321000 DEOPT UNPACKING pc=0x0000025e8004964e sp=0x00000076708fd3a8 mode 0
Event: 2.511 Thread 0x0000025efa328000 DEOPT PACKING pc=0x0000025e806bbfe8 sp=0x0000007670bfe840
Event: 2.511 Thread 0x0000025efa328000 DEOPT UNPACKING pc=0x0000025e8004964e sp=0x0000007670bfdcf8 mode 0
Event: 2.518 Thread 0x0000025efa328000 DEOPT PACKING pc=0x0000025e806d1f7d sp=0x0000007670bfe840
Event: 2.518 Thread 0x0000025efa328000 DEOPT UNPACKING pc=0x0000025e8004964e sp=0x0000007670bfdcf8 mode 0
Event: 2.525 Thread 0x0000025efa328000 DEOPT PACKING pc=0x0000025e806d1d48 sp=0x0000007670bfe840
Event: 2.525 Thread 0x0000025efa328000 DEOPT UNPACKING pc=0x0000025e8004964e sp=0x0000007670bfdcf8 mode 0
Event: 2.529 Thread 0x0000025efa328000 DEOPT PACKING pc=0x0000025e806d1d48 sp=0x0000007670bfe7c0
Event: 2.529 Thread 0x0000025efa328000 DEOPT UNPACKING pc=0x0000025e8004964e sp=0x0000007670bfdc78 mode 0

Classes unloaded (0 events):
No events

Classes redefined (0 events):
No events

Internal exceptions (5 events):
Event: 0.146 Thread 0x0000025ee98f2800 Exception <a 'java/lang/NoSuchMethodError'{0x000000008a97c438}: 'int java.lang.invoke.DirectMethodHandle$Holder.invokeSpecialIFC(java.lang.Object, java.lang.Object, int)'> (0x000000008a97c438) 
thrown [t:/workspace/open/src/hotspot/share/interpreter/linkResolver.cpp, line 767]
Event: 2.209 Thread 0x0000025efa321000 Exception <a 'java/lang/NoSuchMethodError'{0x000000008a587300}: 'java.lang.Object java.lang.invoke.DirectMethodHandle$Holder.invokeSpecial(java.lang.Object, java.lang.Object, java.lang.Object, long, long)'> (0x000000008a587300) 
thrown [t:/workspace/open/src/hotspot/share/interpreter/linkResolver.cpp, line 767]
Event: 2.215 Thread 0x0000025efa321000 Exception <a 'java/lang/NoSuchMethodError'{0x000000008a5b2cc0}: 'java.lang.Object java.lang.invoke.Invokers$Holder.linkToTargetMethod(java.lang.Object, int, java.lang.Object)'> (0x000000008a5b2cc0) 
thrown [t:/workspace/open/src/hotspot/share/interpreter/linkResolver.cpp, line 767]
Event: 2.437 Thread 0x0000025efa321000 Exception <a 'java/lang/NoSuchMethodError'{0x000000008a291008}: 'java.lang.Object java.lang.invoke.DirectMethodHandle$Holder.invokeSpecial(java.lang.Object, java.lang.Object, java.lang.Object, java.lang.Object, java.lang.Object, long)'> (0x000000008a291008) 
thrown [t:/workspace/open/src/hotspot/share/interpreter/linkResolver.cpp, line 767]
Event: 2.438 Thread 0x0000025efa321000 Exception <a 'java/lang/NoSuchMethodError'{0x000000008a293f48}: 'java.lang.Object java.lang.invoke.Invokers$Holder.linkToTargetMethod(java.lang.Object, java.lang.Object, java.lang.Object, long, java.lang.Object)'> (0x000000008a293f48) 
thrown [t:/workspace/open/src/hotspot/share/interpreter/linkResolver.cpp, line 767]

Events (20 events):
Event: 2.455 Executing VM operation: RevokeBias done
Event: 2.493 Executing VM operation: RevokeBias
Event: 2.494 Executing VM operation: RevokeBias done
Event: 2.505 loading class java/util/concurrent/atomic/AtomicReferenceFieldUpdater
Event: 2.505 loading class java/util/concurrent/atomic/AtomicReferenceFieldUpdater done
Event: 2.505 loading class java/util/concurrent/atomic/AtomicReferenceFieldUpdater$AtomicReferenceFieldUpdaterImpl
Event: 2.506 loading class java/util/concurrent/atomic/AtomicReferenceFieldUpdater$AtomicReferenceFieldUpdaterImpl done
Event: 2.506 loading class java/util/concurrent/atomic/AtomicReferenceFieldUpdater$AtomicReferenceFieldUpdaterImpl$1
Event: 2.506 loading class java/util/concurrent/atomic/AtomicReferenceFieldUpdater$AtomicReferenceFieldUpdaterImpl$1 done
Event: 2.506 loading class java/lang/Throwable$WrappedPrintStream
Event: 2.506 loading class java/lang/Throwable$PrintStreamOrWriter
Event: 2.506 loading class java/lang/Throwable$PrintStreamOrWriter done
Event: 2.506 loading class java/lang/Throwable$WrappedPrintStream done
Event: 2.507 loading class com/company/ChainValidator
Event: 2.507 loading class com/company/ChainValidator done
Event: 2.507 loading class java/lang/StackTraceElement$HashedModules
Event: 2.507 loading class java/lang/StackTraceElement$HashedModules done
Event: 2.507 Thread 0x0000025efa321800 Thread exited: 0x0000025efa321800
Event: 2.531 Executing VM operation: RevokeBias
Event: 2.531 Executing VM operation: RevokeBias done


Dynamic libraries:
0x00007ff677770000 - 0x00007ff67777f000 	C:\Program Files\Java\jdk-13.0.2\bin\java.exe
0x00007ffc10fd0000 - 0x00007ffc111c6000 	C:\WINDOWS\SYSTEM32\ntdll.dll
0x00007ffbe9870000 - 0x00007ffbe9882000 	C:\Program Files\AVAST Software\Avast\aswhook.dll
0x00007ffc0fb50000 - 0x00007ffc0fc0d000 	C:\WINDOWS\System32\KERNEL32.DLL
0x00007ffc0ea50000 - 0x00007ffc0ed19000 	C:\WINDOWS\System32\KERNELBASE.dll
0x00007ffc0e8d0000 - 0x00007ffc0e9d0000 	C:\WINDOWS\System32\ucrtbase.dll
0x00007ffc08c90000 - 0x00007ffc08ca8000 	C:\Program Files\Java\jdk-13.0.2\bin\jli.dll
0x00007ffc08c70000 - 0x00007ffc08c85000 	C:\Program Files\Java\jdk-13.0.2\bin\VCRUNTIME140.dll
0x00007ffc10e80000 - 0x00007ffc10f2c000 	C:\WINDOWS\System32\ADVAPI32.dll
0x00007ffc0f860000 - 0x00007ffc0f8fe000 	C:\WINDOWS\System32\msvcrt.dll
0x00007ffc0f980000 - 0x00007ffc0fa1c000 	C:\WINDOWS\System32\sechost.dll
0x00007ffc10010000 - 0x00007ffc1013b000 	C:\WINDOWS\System32\RPCRT4.dll
0x00007ffc10ac0000 - 0x00007ffc10c60000 	C:\WINDOWS\System32\USER32.dll
0x00007ffc0ee80000 - 0x00007ffc0eea2000 	C:\WINDOWS\System32\win32u.dll
0x00007ffc02280000 - 0x00007ffc0251b000 	C:\WINDOWS\WinSxS\amd64_microsoft.windows.common-controls_6595b64144ccf1df_6.0.19041.746_none_ca02b4b61b8320a4\COMCTL32.dll
0x00007ffc0fc70000 - 0x00007ffc0fc9a000 	C:\WINDOWS\System32\GDI32.dll
0x00007ffc0e7c0000 - 0x00007ffc0e8cb000 	C:\WINDOWS\System32\gdi32full.dll
0x00007ffc0ef90000 - 0x00007ffc0f02d000 	C:\WINDOWS\System32\msvcp_win.dll
0x00007ffc063f0000 - 0x00007ffc063fa000 	C:\WINDOWS\SYSTEM32\VERSION.dll
0x00007ffc0f710000 - 0x00007ffc0f740000 	C:\WINDOWS\System32\IMM32.DLL
0x00007ffc031f0000 - 0x00007ffc0328b000 	C:\Program Files\Java\jdk-13.0.2\bin\msvcp140.dll
0x00007ffb9ca10000 - 0x00007ffb9d56d000 	C:\Program Files\Java\jdk-13.0.2\bin\server\jvm.dll
0x00007ffc10a20000 - 0x00007ffc10a28000 	C:\WINDOWS\System32\PSAPI.DLL
0x00007ffc05dd0000 - 0x00007ffc05df7000 	C:\WINDOWS\SYSTEM32\WINMM.dll
0x00007ffbfa990000 - 0x00007ffbfa999000 	C:\WINDOWS\SYSTEM32\WSOCK32.dll
0x00007ffc10a30000 - 0x00007ffc10a9b000 	C:\WINDOWS\System32\WS2_32.dll
0x00007ffc0c660000 - 0x00007ffc0c672000 	C:\WINDOWS\SYSTEM32\kernel.appcore.dll
0x00007ffc0a490000 - 0x00007ffc0a4a0000 	C:\Program Files\Java\jdk-13.0.2\bin\verify.dll
0x00007ffc02cb0000 - 0x00007ffc02e94000 	C:\WINDOWS\SYSTEM32\DBGHELP.DLL
0x00007ffbffcf0000 - 0x00007ffbffd1c000 	C:\WINDOWS\SYSTEM32\dbgcore.DLL
0x00007ffc0e9d0000 - 0x00007ffc0ea50000 	C:\WINDOWS\System32\bcryptPrimitives.dll
0x00007ffc06ed0000 - 0x00007ffc06ef6000 	C:\Program Files\Java\jdk-13.0.2\bin\java.dll
0x00007ffc08c60000 - 0x00007ffc08c6e000 	C:\Program Files\Java\jdk-13.0.2\bin\instrument.dll
0x00007ffc06be0000 - 0x00007ffc06bf7000 	C:\Program Files\Java\jdk-13.0.2\bin\zip.dll
0x00007ffc0a470000 - 0x00007ffc0a47a000 	C:\Program Files\Java\jdk-13.0.2\bin\jimage.dll
0x00007ffc10220000 - 0x00007ffc10962000 	C:\WINDOWS\System32\SHELL32.dll
0x00007ffc0c860000 - 0x00007ffc0cff0000 	C:\WINDOWS\SYSTEM32\windows.storage.dll
0x00007ffc0fcb0000 - 0x00007ffc10006000 	C:\WINDOWS\System32\combase.dll
0x00007ffc0e170000 - 0x00007ffc0e19c000 	C:\WINDOWS\SYSTEM32\Wldp.dll
0x00007ffc0f660000 - 0x00007ffc0f70e000 	C:\WINDOWS\System32\SHCORE.dll
0x00007ffc10e20000 - 0x00007ffc10e75000 	C:\WINDOWS\System32\shlwapi.dll
0x00007ffc0e640000 - 0x00007ffc0e666000 	C:\WINDOWS\SYSTEM32\profapi.dll
0x00007ffc06bc0000 - 0x00007ffc06bd9000 	C:\Program Files\Java\jdk-13.0.2\bin\net.dll
0x00007ffc03080000 - 0x00007ffc03180000 	C:\WINDOWS\SYSTEM32\WINHTTP.dll
0x00007ffc0def0000 - 0x00007ffc0df5a000 	C:\WINDOWS\system32\mswsock.dll
0x00007ffc06a10000 - 0x00007ffc06a23000 	C:\Program Files\Java\jdk-13.0.2\bin\nio.dll
0x00007ffc031d0000 - 0x00007ffc031ea000 	C:\Program Files\JetBrains\IntelliJ IDEA 2020.2.3\bin\breakgen64.dll
0x0000000069340000 - 0x00000000693c5000 	C:\Users\cp_di\AppData\Local\Temp\sqlite-3.7.2-sqlitejdbc.dll

dbghelp: loaded successfully - version: 4.0.5 - missing functions: none
symbol engine: initialized successfully - sym options: 0x614 - pdb path: .;C:\Program Files\Java\jdk-13.0.2\bin;C:\WINDOWS\SYSTEM32;C:\Program Files\AVAST Software\Avast;C:\WINDOWS\WinSxS\amd64_microsoft.windows.common-controls_6595b64144ccf1df_6.0.19041.746_none_ca02b4b61b8320a4;C:\Program Files\Java\jdk-13.0.2\bin\server;C:\Program Files\JetBrains\IntelliJ IDEA 2020.2.3\bin;C:\Users\cp_di\AppData\Local\Temp

VM Arguments:
jvm_args: -javaagent:C:\Program Files\JetBrains\IntelliJ IDEA 2020.2.3\lib\idea_rt.jar=64409:C:\Program Files\JetBrains\IntelliJ IDEA 2020.2.3\bin -Dfile.encoding=UTF-8 
java_command: com.company.Main
java_class_path (initial): C:\my_workspaces\intellij_workspace\Ergasia01\out\production\Ergasia01;C:\my_workspaces\intellij_workspace\Ergasia01\res\sqlite-jdbc-3.7.2.jar
Launcher Type: SUN_STANDARD

[Global flags]
     intx CICompilerCount                          = 4                                         {product} {ergonomic}
     uint ConcGCThreads                            = 2                                         {product} {ergonomic}
     uint G1ConcRefinementThreads                  = 8                                         {product} {ergonomic}
   size_t G1HeapRegionSize                         = 1048576                                   {product} {ergonomic}
    uintx GCDrainStackTargetSize                   = 64                                        {product} {ergonomic}
   size_t InitialHeapSize                          = 132120576                                 {product} {ergonomic}
   size_t MarkStackSize                            = 4194304                                   {product} {ergonomic}
   size_t MaxHeapSize                              = 2099249152                                {product} {ergonomic}
   size_t MaxNewSize                               = 1259339776                                {product} {ergonomic}
   size_t MinHeapDeltaBytes                        = 1048576                                   {product} {ergonomic}
   size_t MinHeapSize                              = 8388608                                   {product} {ergonomic}
    uintx NonNMethodCodeHeapSize                   = 5839372                                {pd product} {ergonomic}
    uintx NonProfiledCodeHeapSize                  = 122909434                              {pd product} {ergonomic}
    uintx ProfiledCodeHeapSize                     = 122909434                              {pd product} {ergonomic}
    uintx ReservedCodeCacheSize                    = 251658240                              {pd product} {ergonomic}
     bool SegmentedCodeCache                       = true                                      {product} {ergonomic}
   size_t SoftMaxHeapSize                          = 2099249152                             {manageable} {ergonomic}
     bool UseCompressedClassPointers               = true                                 {lp64_product} {ergonomic}
     bool UseCompressedOops                        = true                                 {lp64_product} {ergonomic}
     bool UseG1GC                                  = true                                      {product} {ergonomic}
     bool UseLargePagesIndividualAllocation        = false                                  {pd product} {ergonomic}

Logging:
Log output configuration:
 #0: stdout all=warning uptime,level,tags
 #1: stderr all=off uptime,level,tags

Environment Variables:
JAVA_HOME=C:\Program Files\Java\jdk-13.0.2
JRE_HOME=C:\Program Files\Java\jdk-13.0.2
PATH=C:\Program Files\Microsoft MPI\Bin\;C:\Program Files (x86)\Common Files\Oracle\Java\javapath;C:\Windows\system32;C:\Windows;C:\Windows\System32\Wbem;C:\Windows\System32\WindowsPowerShell\v1.0\;C:\Windows\System32\OpenSSH\;C:\Program Files (x86)\NVIDIA Corporation\PhysX\Common;C:\Program Files\NVIDIA Corporation\NVIDIA NvDLISR;C:\Program Files\MySQL\MySQL Server 8.0\bin;C:\Program Files\apache-maven-3.6.3-bin\apache-maven-3.6.3\bin;C:\Program Files\nodejs;C:\Program Files\Java\jdk-13.0.2\bin;C:\Program Files\Git\cmd;C:\ProgramData\ComposerSetup\bin;C:\Program Files\Microsoft SQL Server\130\Tools\Binn\;C:\Program Files\Microsoft SQL Server\Client SDK\ODBC\170\Tools\Binn\;C:\Program Files\OpenVPN\bin;C:\WINDOWS\system32;C:\WINDOWS;C:\WINDOWS\System32\Wbem;C:\WINDOWS\System32\WindowsPowerShell\v1.0\;C:\WINDOWS\System32\OpenSSH\;C:\mailhog;C:\Program Files\dotnet\;C:\sqlite;C:\Users\cp_di\AppData\Local\Programs\Python\Python37\Scripts\;C:\Users\cp_di\AppData\Local\Programs\Python\Python37\;C:\Users\cp_di\AppData\Local\Microsoft\WindowsApps;C:\Users\cp_di\AppData\Roaming\npm;C:\Users\cp_di\AppData\Local\Programs\Microsoft VS Code\bin;C:\Program Files\Java\jdk-13.0.2\bin;C:\Users\cp_di\AppData\Local\atom\bin;C:\xampp_7_4\php;C:\Program Files\JetBrains\IntelliJ IDEA 2020.1.2\bin;;C:\Users\cp_di\AppData\Roaming\Composer\vendor\bin;C:\Users\cp_di\AppData\Local\Microsoft\WindowsApps;C:\mailhog;C:\Users\cp_di\.dotnet\tools;C:\sqlite;
USERNAME=cp_di
OS=Windows_NT
PROCESSOR_IDENTIFIER=AMD64 Family 23 Model 24 Stepping 1, AuthenticAMD



---------------  S Y S T E M  ---------------

OS: Windows 10 , 64 bit Build 19041 (10.0.19041.804)

CPU:total 8 (initial active 8) (8 cores per cpu, 2 threads per core) family 23 model 24 stepping 1, cmov, cx8, fxsr, mmx, sse, sse2, sse3, ssse3, sse4.1, sse4.2, popcnt, avx, avx2, aes, clmul, mmxext, 3dnowpref, lzcnt, sse4a, ht, tsc, tscinvbit, tscinv, bmi1, bmi2, adx, sha, fma

Memory: 4k page, system-wide physical 8000M (1005M free)
TotalPageFile size 16582M (AvailPageFile size 2382M)
current process WorkingSet (physical memory assigned to process): 150M, peak: 150M
current process commit charge ("private bytes"): 314M, peak: 314M

vm_info: Java HotSpot(TM) 64-Bit Server VM (13.0.2+8) for windows-amd64 JRE (13.0.2+8), built on Dec 11 2019 09:20:33 by "mach5one" with unknown MS VC++:1916

END.
