#
# A fatal error has been detected by the Java Runtime Environment:
#
#  EXCEPTION_ACCESS_VIOLATION (0xc0000005) at pc=0x000000006934ad28, pid=24572, tid=33780
#
# JRE version: Java(TM) SE Runtime Environment (13.0.2+8) (build 13.0.2+8)
# Java VM: Java HotSpot(TM) 64-Bit Server VM (13.0.2+8, mixed mode, sharing, tiered, compressed oops, g1 gc, windows-amd64)
# Problematic frame:
# C  [sqlite-3.7.2-sqlitejdbc.dll+0xad28]
#
# No core dump will be written. Minidumps are not enabled by default on client versions of Windows
#
# If you would like to submit a bug report, please visit:
#   http://bugreport.java.com/bugreport/crash.jsp
# The crash happened outside the Java Virtual Machine in native code.
# See problematic frame for where to report the bug.
#

---------------  S U M M A R Y ------------

Command Line: -javaagent:C:\Program Files\JetBrains\IntelliJ IDEA 2020.2.3\lib\idea_rt.jar=64323:C:\Program Files\JetBrains\IntelliJ IDEA 2020.2.3\bin -Dfile.encoding=UTF-8 com.company.Main

Host: AMD Ryzen 7 3750H with Radeon Vega Mobile Gfx  , 8 cores, 7G,  Windows 10 , 64 bit Build 19041 (10.0.19041.804)
Time: Mon Mar  8 16:21:01 2021 GTB Standard Time elapsed time: 2 seconds (0d 0h 0m 2s)

---------------  T H R E A D  ---------------

Current thread (0x00000203799c6000):  JavaThread "P4" [_thread_in_native, id=33780, stack(0x000000ebfc100000,0x000000ebfc200000)]

Stack: [0x000000ebfc100000,0x000000ebfc200000],  sp=0x000000ebfc1fef90,  free space=1019k
Native frames: (J=compiled Java code, j=interpreted, Vv=VM code, C=native code)
C  [sqlite-3.7.2-sqlitejdbc.dll+0xad28]

Java frames: (J=compiled Java code, j=interpreted, Vv=VM code)
j  org.sqlite.NativeDB.changes()I+0
j  org.sqlite.Stmt.executeUpdate(Ljava/lang/String;)I+60
j  com.company.SQLiteHelper.insertToDb(Lcom/company/Block;)V+33
j  com.company.MyRunnable.addToDatabase()V+30
j  com.company.MyRunnable.run()V+299
j  java.lang.Thread.run()V+11 java.base@13.0.2
v  ~StubRoutines::call_stub

siginfo: EXCEPTION_ACCESS_VIOLATION (0xc0000005), reading address 0x000000000000004c


Register to memory mapping:

RIP=0x000000006934ad28 sqlite-3.7.2-sqlitejdbc.dll
RAX=0x0 is NULL
RBX={method} {0x00000203792c8728} 'changes' '()I' in 'org/sqlite/NativeDB'
RCX=0x0 is NULL
RDX=0x0000000000000006 is an unknown value
RSP=0x000000ebfc1fef90 is pointing into the stack for thread: 0x00000203799c6000
RBP=0x000000ebfc1ff050 is pointing into the stack for thread: 0x00000203799c6000
RSI=0x00000000000000ee is an unknown value
RDI=0x0000020362539c80 is at code_begin+832 in an Interpreter codelet
invoke return entry points  [0x0000020362539940, 0x000002036253a360]  2592 bytes
R8 =0x00000000000000a2 is an unknown value
R9 =0x0000000800bc3240 is a pointer to class: 
org.sqlite.NativeDB {0x0000000800bc3248}
R10=0x00007ffb9cdd0080 jvm.dll
R11=0x0000000000000028 is an unknown value
R12=0x0 is NULL
R13={method} {0x00000203792c8728} 'changes' '()I' in 'org/sqlite/NativeDB'
R14=0x000000ebfc1ff070 is pointing into the stack for thread: 0x00000203799c6000
R15=0x00000203799c6000 is a thread


Registers:
RAX=0x0000000000000000, RBX=0x00000203792c8720, RCX=0x0000000000000000, RDX=0x0000000000000006
RSP=0x000000ebfc1fef90, RBP=0x000000ebfc1ff050, RSI=0x00000000000000ee, RDI=0x0000020362539c80
R8 =0x00000000000000a2, R9 =0x0000000800bc3240, R10=0x00007ffb9cdd0080, R11=0x0000000000000028
R12=0x0000000000000000, R13=0x00000203792c8720, R14=0x000000ebfc1ff070, R15=0x00000203799c6000
RIP=0x000000006934ad28, EFLAGS=0x0000000000010206

Top of Stack: (sp=0x000000ebfc1fef90)
0x000000ebfc1fef90:   00000000000000ee 000000006934225a
0x000000ebfc1fefa0:   000002037986b0f0 00000203799c6000
0x000000ebfc1fefb0:   000000ebfc1feff8 00000203625408ca
0x000000ebfc1fefc0:   0000020362539c80 0000020362540254
0x000000ebfc1fefd0:   0000000000000002 000000ebfc1ff050
0x000000ebfc1fefe0:   00000000000000ee 00000203792d6470
0x000000ebfc1feff0:   000002036253ff24 0000000000000003
0x000000ebfc1ff000:   000000008a3cbe08 000000ebfc1feff8
0x000000ebfc1ff010:   00000203792c8720 000000ebfc1ff070
0x000000ebfc1ff020:   00000203792cf2b0 0000000000000000
0x000000ebfc1ff030:   0000000089305be8 00000203792c8720
0x000000ebfc1ff040:   0000000000000000 000000ebfc1ff070
0x000000ebfc1ff050:   000000ebfc1ff0c0 0000020362539c80
0x000000ebfc1ff060:   0000000000000000 000002036253c416
0x000000ebfc1ff070:   000000008a3cbe08 000000ebfc1ff078
0x000000ebfc1ff080:   00000203792d6c64 000000ebfc1ff0f8 

Instructions: (pc=0x000000006934ad28)
0x000000006934ac28:   48 89 f7 49 89 f8 89 e8 83 e8 01 78 36 89 e9 b8
0x000000006934ac38:   00 00 00 00 4d 63 e4 48 8b 93 60 01 00 00 48 89
0x000000006934ac48:   17 48 89 bb 60 01 00 00 4c 89 e2 4c 01 e7 83 c0
0x000000006934ac58:   01 39 c8 75 e2 83 ed 01 48 83 c5 01 48 0f af d5
0x000000006934ac68:   49 01 d0 4c 89 83 70 01 00 00 c6 83 52 01 00 00
0x000000006934ac78:   01 48 85 f6 0f 94 83 53 01 00 00 b8 00 00 00 00
0x000000006934ac88:   eb 1e 48 c7 83 70 01 00 00 00 00 00 00 c6 83 52
0x000000006934ac98:   01 00 00 00 c6 83 53 01 00 00 00 b8 00 00 00 00
0x000000006934aca8:   48 8b 5c 24 20 48 8b 74 24 28 48 8b 7c 24 30 48
0x000000006934acb8:   8b 6c 24 38 4c 8b 64 24 40 48 83 c4 48 c3 48 c7
0x000000006934acc8:   83 68 01 00 00 00 00 00 00 48 c7 83 60 01 00 00
0x000000006934acd8:   00 00 00 00 66 c7 83 50 01 00 00 00 00 eb a3 48
0x000000006934ace8:   83 ec 08 85 d2 7e 1b 48 63 c2 80 7c 01 ff 20 75
0x000000006934acf8:   11 83 ea 01 85 d2 7e 0a 48 63 c2 80 7c 01 ff 20
0x000000006934ad08:   74 ef 85 d2 0f 94 c0 0f b6 c0 48 83 c4 08 c3 48
0x000000006934ad18:   83 ec 08 48 8b 41 40 48 83 c4 08 c3 48 83 ec 08
0x000000006934ad28:   8b 41 4c 48 83 c4 08 c3 48 83 ec 08 8b 41 50 48
0x000000006934ad38:   83 c4 08 c3 53 48 83 ec 20 48 89 cb 48 8b 91 08
0x000000006934ad48:   03 00 00 48 85 d2 74 1f 48 8b 42 10 48 89 83 08
0x000000006934ad58:   03 00 00 48 89 d9 e8 ff 91 ff ff 48 8b 93 08 03
0x000000006934ad68:   00 00 48 85 d2 75 e1 c7 83 10 03 00 00 00 00 00
0x000000006934ad78:   00 c7 83 14 03 00 00 00 00 00 00 c6 83 18 03 00
0x000000006934ad88:   00 00 48 83 c4 20 5b c3 48 83 ec 08 81 e1 ff 00
0x000000006934ad98:   00 00 48 8d 05 e4 85 06 00 83 f9 1a 77 1c 48 63
0x000000006934ada8:   c9 48 8d 05 10 59 06 00 48 8b 04 c8 48 85 c0 48
0x000000006934adb8:   8d 15 c7 85 06 00 48 0f 44 c2 48 83 c4 08 c3 48
0x000000006934adc8:   83 ec 28 44 8b 81 c0 02 00 00 83 fa 0b 77 1c 48
0x000000006934add8:   63 c2 48 8d 15 57 f0 06 00 0f b6 14 02 4c 8d 0d
0x000000006934ade8:   40 f0 06 00 41 0f b6 04 01 eb 10 8d 42 f5 6b c0
0x000000006934adf8:   64 05 e4 00 00 00 ba 64 00 00 00 44 8d 0c 10 45
0x000000006934ae08:   39 c8 7d 0e 44 89 c2 29 c2 b8 00 00 00 00 85 d2
0x000000006934ae18:   7e 13 69 d2 e8 03 00 00 48 8b 09 e8 f4 89 ff ff 


Stack slot to memory mapping:
stack at sp + 0 slots: 0x00000000000000ee is an unknown value
stack at sp + 1 slots: 0x000000006934225a sqlite-3.7.2-sqlitejdbc.dll
stack at sp + 2 slots: 0x000002037986b0f0 points into unknown readable memory: 02 00 00 00 3f 00 5c 00
stack at sp + 3 slots: 0x00000203799c6000 is a thread
stack at sp + 4 slots: 0x000000ebfc1feff8 is pointing into the stack for thread: 0x00000203799c6000
stack at sp + 5 slots: 0x00000203625408ca is at code_begin+3178 in an Interpreter codelet
method entry point (kind = native_synchronized)  [0x000002036253fc60, 0x00000203625409a0]  3392 bytes
stack at sp + 6 slots: 0x0000020362539c80 is at code_begin+832 in an Interpreter codelet
invoke return entry points  [0x0000020362539940, 0x000002036253a360]  2592 bytes
stack at sp + 7 slots: 0x0000020362540254 is at code_begin+1524 in an Interpreter codelet
method entry point (kind = native_synchronized)  [0x000002036253fc60, 0x00000203625409a0]  3392 bytes


---------------  P R O C E S S  ---------------

Threads class SMR info:
_java_thread_list=0x000002037993a400, length=19, elements={
0x0000020378e04000, 0x0000020378e07000, 0x0000020378e20800, 0x0000020378e21800,
0x0000020378e24000, 0x0000020378e2a800, 0x0000020378e34000, 0x000002037983b800,
0x00000203799b2800, 0x00000203798d5000, 0x00000203799c6000, 0x00000203799c8000,
0x00000203799d5000, 0x00000203799d7000, 0x00000203799dc000, 0x00000203799dc800,
0x00000203799e6000, 0x0000020379c7b800, 0x0000020379cf5000
}

Java Threads: ( => current thread )
  0x0000020378e04000 JavaThread "Reference Handler" daemon [_thread_blocked, id=21948, stack(0x000000ebfb200000,0x000000ebfb300000)]
  0x0000020378e07000 JavaThread "Finalizer" daemon [_thread_blocked, id=31788, stack(0x000000ebfb300000,0x000000ebfb400000)]
  0x0000020378e20800 JavaThread "Signal Dispatcher" daemon [_thread_blocked, id=30468, stack(0x000000ebfb400000,0x000000ebfb500000)]
  0x0000020378e21800 JavaThread "Attach Listener" daemon [_thread_blocked, id=27688, stack(0x000000ebfb500000,0x000000ebfb600000)]
  0x0000020378e24000 JavaThread "C2 CompilerThread0" daemon [_thread_in_native, id=34424, stack(0x000000ebfb600000,0x000000ebfb700000)]
  0x0000020378e2a800 JavaThread "C1 CompilerThread0" daemon [_thread_blocked, id=31804, stack(0x000000ebfb700000,0x000000ebfb800000)]
  0x0000020378e34000 JavaThread "Sweeper thread" daemon [_thread_blocked, id=16868, stack(0x000000ebfb800000,0x000000ebfb900000)]
  0x000002037983b800 JavaThread "Common-Cleaner" daemon [_thread_blocked, id=22420, stack(0x000000ebfb900000,0x000000ebfba00000)]
  0x00000203799b2800 JavaThread "Monitor Ctrl-Break" daemon [_thread_in_native, id=29352, stack(0x000000ebfbb00000,0x000000ebfbc00000)]
  0x00000203798d5000 JavaThread "Service Thread" daemon [_thread_blocked, id=14720, stack(0x000000ebfbc00000,0x000000ebfbd00000)]
=>0x00000203799c6000 JavaThread "P4" [_thread_in_native, id=33780, stack(0x000000ebfc100000,0x000000ebfc200000)]
  0x00000203799c8000 JavaThread "P5" [_thread_blocked, id=30120, stack(0x000000ebfc200000,0x000000ebfc300000)]
  0x00000203799d5000 JavaThread "P6" [_thread_blocked, id=33144, stack(0x000000ebfc300000,0x000000ebfc400000)]
  0x00000203799d7000 JavaThread "P7" [_thread_blocked, id=24800, stack(0x000000ebfc400000,0x000000ebfc500000)]
  0x00000203799dc000 JavaThread "P8" [_thread_blocked, id=24248, stack(0x000000ebfc500000,0x000000ebfc600000)]
  0x00000203799dc800 JavaThread "P9" [_thread_blocked, id=28760, stack(0x000000ebfc600000,0x000000ebfc700000)]
  0x00000203799e6000 JavaThread "DestroyJavaVM" [_thread_blocked, id=29448, stack(0x000000ebfab00000,0x000000ebfac00000)]
  0x0000020379c7b800 JavaThread "C2 CompilerThread1" daemon [_thread_in_native, id=30336, stack(0x000000ebfba00000,0x000000ebfbb00000)]
  0x0000020379cf5000 JavaThread "C2 CompilerThread2" daemon [_thread_in_native, id=28124, stack(0x000000ebfc700000,0x000000ebfc800000)]

Other Threads:
  0x0000020378dff000 VMThread "VM Thread" [stack: 0x000000ebfb100000,0x000000ebfb200000] [id=23484]
  0x00000203798d7800 WatcherThread [stack: 0x000000ebfbd00000,0x000000ebfbe00000] [id=24492]
  0x000002035a065800 GCTaskThread "GC Thread#0" [stack: 0x000000ebfac00000,0x000000ebfad00000] [id=15912]
  0x000002037e379000 GCTaskThread "GC Thread#1" [stack: 0x000000ebfbe00000,0x000000ebfbf00000] [id=24100]
  0x000002037e37a000 GCTaskThread "GC Thread#2" [stack: 0x000000ebfc800000,0x000000ebfc900000] [id=26492]
  0x000002037bdae800 GCTaskThread "GC Thread#3" [stack: 0x000000ebfc900000,0x000000ebfca00000] [id=32600]
  0x000002037bdaf800 GCTaskThread "GC Thread#4" [stack: 0x000000ebfca00000,0x000000ebfcb00000] [id=30168]
  0x000002037b0fb000 GCTaskThread "GC Thread#5" [stack: 0x000000ebfcb00000,0x000000ebfcc00000] [id=32472]
  0x000002037b0fb800 GCTaskThread "GC Thread#6" [stack: 0x000000ebfcc00000,0x000000ebfcd00000] [id=19440]
  0x000002037b0fc000 GCTaskThread "GC Thread#7" [stack: 0x000000ebfcd00000,0x000000ebfce00000] [id=24436]
  0x000002035a077000 ConcurrentGCThread "G1 Main Marker" [stack: 0x000000ebfad00000,0x000000ebfae00000] [id=26692]
  0x000002035a079000 ConcurrentGCThread "G1 Conc#0" [stack: 0x000000ebfae00000,0x000000ebfaf00000] [id=31468]
  0x0000020378c80800 ConcurrentGCThread "G1 Refine#0" [stack: 0x000000ebfaf00000,0x000000ebfb000000] [id=28092]
  0x000002035a0f8000 ConcurrentGCThread "G1 Young RemSet Sampling" [stack: 0x000000ebfb000000,0x000000ebfb100000] [id=29508]

Threads with active compile tasks:
C2 CompilerThread0     2632  579       4       java.util.regex.Pattern$GroupHead::match (47 bytes)
C2 CompilerThread1     2632  587       4       java.util.regex.Pattern$BmpCharProperty::match (55 bytes)
C2 CompilerThread2     2632  612       4       java.util.regex.Pattern$Branch::match (66 bytes)

VM state:not at safepoint (normal execution)

VM Mutex/Monitor currently owned by a thread: None

Heap address: 0x0000000082e00000, size: 2002 MB, Compressed Oops mode: 32-bit
Narrow klass base: 0x0000000800000000, Narrow klass shift: 3
Compressed class space size: 1073741824 Address: 0x0000000800b40000

Heap:
 garbage-first heap   total 129024K, used 11096K [0x0000000082e00000, 0x0000000100000000)
  region size 1024K, 12 young (12288K), 2 survivors (2048K)
 Metaspace       used 2872K, capacity 5354K, committed 5504K, reserved 1056768K
  class space    used 278K, capacity 579K, committed 640K, reserved 1048576K
Heap Regions: E=young(eden), S=young(survivor), O=old, HS=humongous(starts), HC=humongous(continues), CS=collection set, F=free, A=archive, TAMS=top-at-mark-start (previous, next)
|   0|0x0000000082e00000, 0x0000000082e00000, 0x0000000082f00000|  0%| F|  |TAMS 0x0000000082e00000, 0x0000000082e00000| Untracked 
|   1|0x0000000082f00000, 0x0000000082f00000, 0x0000000083000000|  0%| F|  |TAMS 0x0000000082f00000, 0x0000000082f00000| Untracked 
|   2|0x0000000083000000, 0x0000000083000000, 0x0000000083100000|  0%| F|  |TAMS 0x0000000083000000, 0x0000000083000000| Untracked 
|   3|0x0000000083100000, 0x0000000083100000, 0x0000000083200000|  0%| F|  |TAMS 0x0000000083100000, 0x0000000083100000| Untracked 
|   4|0x0000000083200000, 0x0000000083200000, 0x0000000083300000|  0%| F|  |TAMS 0x0000000083200000, 0x0000000083200000| Untracked 
|   5|0x0000000083300000, 0x0000000083300000, 0x0000000083400000|  0%| F|  |TAMS 0x0000000083300000, 0x0000000083300000| Untracked 
|   6|0x0000000083400000, 0x0000000083400000, 0x0000000083500000|  0%| F|  |TAMS 0x0000000083400000, 0x0000000083400000| Untracked 
|   7|0x0000000083500000, 0x0000000083500000, 0x0000000083600000|  0%| F|  |TAMS 0x0000000083500000, 0x0000000083500000| Untracked 
|   8|0x0000000083600000, 0x0000000083600000, 0x0000000083700000|  0%| F|  |TAMS 0x0000000083600000, 0x0000000083600000| Untracked 
|   9|0x0000000083700000, 0x0000000083700000, 0x0000000083800000|  0%| F|  |TAMS 0x0000000083700000, 0x0000000083700000| Untracked 
|  10|0x0000000083800000, 0x0000000083800000, 0x0000000083900000|  0%| F|  |TAMS 0x0000000083800000, 0x0000000083800000| Untracked 
|  11|0x0000000083900000, 0x0000000083900000, 0x0000000083a00000|  0%| F|  |TAMS 0x0000000083900000, 0x0000000083900000| Untracked 
|  12|0x0000000083a00000, 0x0000000083a00000, 0x0000000083b00000|  0%| F|  |TAMS 0x0000000083a00000, 0x0000000083a00000| Untracked 
|  13|0x0000000083b00000, 0x0000000083b00000, 0x0000000083c00000|  0%| F|  |TAMS 0x0000000083b00000, 0x0000000083b00000| Untracked 
|  14|0x0000000083c00000, 0x0000000083c00000, 0x0000000083d00000|  0%| F|  |TAMS 0x0000000083c00000, 0x0000000083c00000| Untracked 
|  15|0x0000000083d00000, 0x0000000083d00000, 0x0000000083e00000|  0%| F|  |TAMS 0x0000000083d00000, 0x0000000083d00000| Untracked 
|  16|0x0000000083e00000, 0x0000000083e00000, 0x0000000083f00000|  0%| F|  |TAMS 0x0000000083e00000, 0x0000000083e00000| Untracked 
|  17|0x0000000083f00000, 0x0000000083f00000, 0x0000000084000000|  0%| F|  |TAMS 0x0000000083f00000, 0x0000000083f00000| Untracked 
|  18|0x0000000084000000, 0x0000000084000000, 0x0000000084100000|  0%| F|  |TAMS 0x0000000084000000, 0x0000000084000000| Untracked 
|  19|0x0000000084100000, 0x0000000084100000, 0x0000000084200000|  0%| F|  |TAMS 0x0000000084100000, 0x0000000084100000| Untracked 
|  20|0x0000000084200000, 0x0000000084200000, 0x0000000084300000|  0%| F|  |TAMS 0x0000000084200000, 0x0000000084200000| Untracked 
|  21|0x0000000084300000, 0x0000000084300000, 0x0000000084400000|  0%| F|  |TAMS 0x0000000084300000, 0x0000000084300000| Untracked 
|  22|0x0000000084400000, 0x0000000084400000, 0x0000000084500000|  0%| F|  |TAMS 0x0000000084400000, 0x0000000084400000| Untracked 
|  23|0x0000000084500000, 0x0000000084500000, 0x0000000084600000|  0%| F|  |TAMS 0x0000000084500000, 0x0000000084500000| Untracked 
|  24|0x0000000084600000, 0x0000000084600000, 0x0000000084700000|  0%| F|  |TAMS 0x0000000084600000, 0x0000000084600000| Untracked 
|  25|0x0000000084700000, 0x0000000084700000, 0x0000000084800000|  0%| F|  |TAMS 0x0000000084700000, 0x0000000084700000| Untracked 
|  26|0x0000000084800000, 0x0000000084800000, 0x0000000084900000|  0%| F|  |TAMS 0x0000000084800000, 0x0000000084800000| Untracked 
|  27|0x0000000084900000, 0x0000000084900000, 0x0000000084a00000|  0%| F|  |TAMS 0x0000000084900000, 0x0000000084900000| Untracked 
|  28|0x0000000084a00000, 0x0000000084a00000, 0x0000000084b00000|  0%| F|  |TAMS 0x0000000084a00000, 0x0000000084a00000| Untracked 
|  29|0x0000000084b00000, 0x0000000084b00000, 0x0000000084c00000|  0%| F|  |TAMS 0x0000000084b00000, 0x0000000084b00000| Untracked 
|  30|0x0000000084c00000, 0x0000000084c00000, 0x0000000084d00000|  0%| F|  |TAMS 0x0000000084c00000, 0x0000000084c00000| Untracked 
|  31|0x0000000084d00000, 0x0000000084d00000, 0x0000000084e00000|  0%| F|  |TAMS 0x0000000084d00000, 0x0000000084d00000| Untracked 
|  32|0x0000000084e00000, 0x0000000084e00000, 0x0000000084f00000|  0%| F|  |TAMS 0x0000000084e00000, 0x0000000084e00000| Untracked 
|  33|0x0000000084f00000, 0x0000000084f00000, 0x0000000085000000|  0%| F|  |TAMS 0x0000000084f00000, 0x0000000084f00000| Untracked 
|  34|0x0000000085000000, 0x0000000085000000, 0x0000000085100000|  0%| F|  |TAMS 0x0000000085000000, 0x0000000085000000| Untracked 
|  35|0x0000000085100000, 0x0000000085100000, 0x0000000085200000|  0%| F|  |TAMS 0x0000000085100000, 0x0000000085100000| Untracked 
|  36|0x0000000085200000, 0x0000000085200000, 0x0000000085300000|  0%| F|  |TAMS 0x0000000085200000, 0x0000000085200000| Untracked 
|  37|0x0000000085300000, 0x0000000085300000, 0x0000000085400000|  0%| F|  |TAMS 0x0000000085300000, 0x0000000085300000| Untracked 
|  38|0x0000000085400000, 0x0000000085400000, 0x0000000085500000|  0%| F|  |TAMS 0x0000000085400000, 0x0000000085400000| Untracked 
|  39|0x0000000085500000, 0x0000000085500000, 0x0000000085600000|  0%| F|  |TAMS 0x0000000085500000, 0x0000000085500000| Untracked 
|  40|0x0000000085600000, 0x0000000085600000, 0x0000000085700000|  0%| F|  |TAMS 0x0000000085600000, 0x0000000085600000| Untracked 
|  41|0x0000000085700000, 0x0000000085700000, 0x0000000085800000|  0%| F|  |TAMS 0x0000000085700000, 0x0000000085700000| Untracked 
|  42|0x0000000085800000, 0x0000000085800000, 0x0000000085900000|  0%| F|  |TAMS 0x0000000085800000, 0x0000000085800000| Untracked 
|  43|0x0000000085900000, 0x0000000085900000, 0x0000000085a00000|  0%| F|  |TAMS 0x0000000085900000, 0x0000000085900000| Untracked 
|  44|0x0000000085a00000, 0x0000000085a00000, 0x0000000085b00000|  0%| F|  |TAMS 0x0000000085a00000, 0x0000000085a00000| Untracked 
|  45|0x0000000085b00000, 0x0000000085b00000, 0x0000000085c00000|  0%| F|  |TAMS 0x0000000085b00000, 0x0000000085b00000| Untracked 
|  46|0x0000000085c00000, 0x0000000085c00000, 0x0000000085d00000|  0%| F|  |TAMS 0x0000000085c00000, 0x0000000085c00000| Untracked 
|  47|0x0000000085d00000, 0x0000000085d00000, 0x0000000085e00000|  0%| F|  |TAMS 0x0000000085d00000, 0x0000000085d00000| Untracked 
|  48|0x0000000085e00000, 0x0000000085e00000, 0x0000000085f00000|  0%| F|  |TAMS 0x0000000085e00000, 0x0000000085e00000| Untracked 
|  49|0x0000000085f00000, 0x0000000085f00000, 0x0000000086000000|  0%| F|  |TAMS 0x0000000085f00000, 0x0000000085f00000| Untracked 
|  50|0x0000000086000000, 0x0000000086000000, 0x0000000086100000|  0%| F|  |TAMS 0x0000000086000000, 0x0000000086000000| Untracked 
|  51|0x0000000086100000, 0x0000000086100000, 0x0000000086200000|  0%| F|  |TAMS 0x0000000086100000, 0x0000000086100000| Untracked 
|  52|0x0000000086200000, 0x0000000086200000, 0x0000000086300000|  0%| F|  |TAMS 0x0000000086200000, 0x0000000086200000| Untracked 
|  53|0x0000000086300000, 0x0000000086300000, 0x0000000086400000|  0%| F|  |TAMS 0x0000000086300000, 0x0000000086300000| Untracked 
|  54|0x0000000086400000, 0x0000000086400000, 0x0000000086500000|  0%| F|  |TAMS 0x0000000086400000, 0x0000000086400000| Untracked 
|  55|0x0000000086500000, 0x0000000086500000, 0x0000000086600000|  0%| F|  |TAMS 0x0000000086500000, 0x0000000086500000| Untracked 
|  56|0x0000000086600000, 0x0000000086600000, 0x0000000086700000|  0%| F|  |TAMS 0x0000000086600000, 0x0000000086600000| Untracked 
|  57|0x0000000086700000, 0x0000000086700000, 0x0000000086800000|  0%| F|  |TAMS 0x0000000086700000, 0x0000000086700000| Untracked 
|  58|0x0000000086800000, 0x0000000086800000, 0x0000000086900000|  0%| F|  |TAMS 0x0000000086800000, 0x0000000086800000| Untracked 
|  59|0x0000000086900000, 0x0000000086900000, 0x0000000086a00000|  0%| F|  |TAMS 0x0000000086900000, 0x0000000086900000| Untracked 
|  60|0x0000000086a00000, 0x0000000086a00000, 0x0000000086b00000|  0%| F|  |TAMS 0x0000000086a00000, 0x0000000086a00000| Untracked 
|  61|0x0000000086b00000, 0x0000000086b00000, 0x0000000086c00000|  0%| F|  |TAMS 0x0000000086b00000, 0x0000000086b00000| Untracked 
|  62|0x0000000086c00000, 0x0000000086c00000, 0x0000000086d00000|  0%| F|  |TAMS 0x0000000086c00000, 0x0000000086c00000| Untracked 
|  63|0x0000000086d00000, 0x0000000086d00000, 0x0000000086e00000|  0%| F|  |TAMS 0x0000000086d00000, 0x0000000086d00000| Untracked 
|  64|0x0000000086e00000, 0x0000000086e00000, 0x0000000086f00000|  0%| F|  |TAMS 0x0000000086e00000, 0x0000000086e00000| Untracked 
|  65|0x0000000086f00000, 0x0000000086f00000, 0x0000000087000000|  0%| F|  |TAMS 0x0000000086f00000, 0x0000000086f00000| Untracked 
|  66|0x0000000087000000, 0x0000000087000000, 0x0000000087100000|  0%| F|  |TAMS 0x0000000087000000, 0x0000000087000000| Untracked 
|  67|0x0000000087100000, 0x0000000087100000, 0x0000000087200000|  0%| F|  |TAMS 0x0000000087100000, 0x0000000087100000| Untracked 
|  68|0x0000000087200000, 0x0000000087200000, 0x0000000087300000|  0%| F|  |TAMS 0x0000000087200000, 0x0000000087200000| Untracked 
|  69|0x0000000087300000, 0x0000000087300000, 0x0000000087400000|  0%| F|  |TAMS 0x0000000087300000, 0x0000000087300000| Untracked 
|  70|0x0000000087400000, 0x0000000087400000, 0x0000000087500000|  0%| F|  |TAMS 0x0000000087400000, 0x0000000087400000| Untracked 
|  71|0x0000000087500000, 0x0000000087500000, 0x0000000087600000|  0%| F|  |TAMS 0x0000000087500000, 0x0000000087500000| Untracked 
|  72|0x0000000087600000, 0x0000000087600000, 0x0000000087700000|  0%| F|  |TAMS 0x0000000087600000, 0x0000000087600000| Untracked 
|  73|0x0000000087700000, 0x0000000087700000, 0x0000000087800000|  0%| F|  |TAMS 0x0000000087700000, 0x0000000087700000| Untracked 
|  74|0x0000000087800000, 0x0000000087800000, 0x0000000087900000|  0%| F|  |TAMS 0x0000000087800000, 0x0000000087800000| Untracked 
|  75|0x0000000087900000, 0x0000000087900000, 0x0000000087a00000|  0%| F|  |TAMS 0x0000000087900000, 0x0000000087900000| Untracked 
|  76|0x0000000087a00000, 0x0000000087a00000, 0x0000000087b00000|  0%| F|  |TAMS 0x0000000087a00000, 0x0000000087a00000| Untracked 
|  77|0x0000000087b00000, 0x0000000087b00000, 0x0000000087c00000|  0%| F|  |TAMS 0x0000000087b00000, 0x0000000087b00000| Untracked 
|  78|0x0000000087c00000, 0x0000000087c00000, 0x0000000087d00000|  0%| F|  |TAMS 0x0000000087c00000, 0x0000000087c00000| Untracked 
|  79|0x0000000087d00000, 0x0000000087d00000, 0x0000000087e00000|  0%| F|  |TAMS 0x0000000087d00000, 0x0000000087d00000| Untracked 
|  80|0x0000000087e00000, 0x0000000087e00000, 0x0000000087f00000|  0%| F|  |TAMS 0x0000000087e00000, 0x0000000087e00000| Untracked 
|  81|0x0000000087f00000, 0x0000000087f00000, 0x0000000088000000|  0%| F|  |TAMS 0x0000000087f00000, 0x0000000087f00000| Untracked 
|  82|0x0000000088000000, 0x0000000088000000, 0x0000000088100000|  0%| F|  |TAMS 0x0000000088000000, 0x0000000088000000| Untracked 
|  83|0x0000000088100000, 0x0000000088100000, 0x0000000088200000|  0%| F|  |TAMS 0x0000000088100000, 0x0000000088100000| Untracked 
|  84|0x0000000088200000, 0x0000000088200000, 0x0000000088300000|  0%| F|  |TAMS 0x0000000088200000, 0x0000000088200000| Untracked 
|  85|0x0000000088300000, 0x0000000088300000, 0x0000000088400000|  0%| F|  |TAMS 0x0000000088300000, 0x0000000088300000| Untracked 
|  86|0x0000000088400000, 0x0000000088400000, 0x0000000088500000|  0%| F|  |TAMS 0x0000000088400000, 0x0000000088400000| Untracked 
|  87|0x0000000088500000, 0x0000000088500000, 0x0000000088600000|  0%| F|  |TAMS 0x0000000088500000, 0x0000000088500000| Untracked 
|  88|0x0000000088600000, 0x0000000088600000, 0x0000000088700000|  0%| F|  |TAMS 0x0000000088600000, 0x0000000088600000| Untracked 
|  89|0x0000000088700000, 0x0000000088700000, 0x0000000088800000|  0%| F|  |TAMS 0x0000000088700000, 0x0000000088700000| Untracked 
|  90|0x0000000088800000, 0x0000000088800000, 0x0000000088900000|  0%| F|  |TAMS 0x0000000088800000, 0x0000000088800000| Untracked 
|  91|0x0000000088900000, 0x0000000088900000, 0x0000000088a00000|  0%| F|  |TAMS 0x0000000088900000, 0x0000000088900000| Untracked 
|  92|0x0000000088a00000, 0x0000000088a00000, 0x0000000088b00000|  0%| F|  |TAMS 0x0000000088a00000, 0x0000000088a00000| Untracked 
|  93|0x0000000088b00000, 0x0000000088b00000, 0x0000000088c00000|  0%| F|  |TAMS 0x0000000088b00000, 0x0000000088b00000| Untracked 
|  94|0x0000000088c00000, 0x0000000088c00000, 0x0000000088d00000|  0%| F|  |TAMS 0x0000000088c00000, 0x0000000088c00000| Untracked 
|  95|0x0000000088d00000, 0x0000000088d00000, 0x0000000088e00000|  0%| F|  |TAMS 0x0000000088d00000, 0x0000000088d00000| Untracked 
|  96|0x0000000088e00000, 0x0000000088e00000, 0x0000000088f00000|  0%| F|  |TAMS 0x0000000088e00000, 0x0000000088e00000| Untracked 
|  97|0x0000000088f00000, 0x0000000088f00000, 0x0000000089000000|  0%| F|  |TAMS 0x0000000088f00000, 0x0000000088f00000| Untracked 
|  98|0x0000000089000000, 0x0000000089000000, 0x0000000089100000|  0%| F|  |TAMS 0x0000000089000000, 0x0000000089000000| Untracked 
|  99|0x0000000089100000, 0x0000000089100000, 0x0000000089200000|  0%| F|  |TAMS 0x0000000089100000, 0x0000000089100000| Untracked 
| 100|0x0000000089200000, 0x00000000892d6200, 0x0000000089300000| 83%| S|CS|TAMS 0x0000000089200000, 0x0000000089200000| Complete 
| 101|0x0000000089300000, 0x0000000089400000, 0x0000000089400000|100%| S|CS|TAMS 0x0000000089300000, 0x0000000089300000| Complete 
| 102|0x0000000089400000, 0x0000000089400000, 0x0000000089500000|  0%| F|  |TAMS 0x0000000089400000, 0x0000000089400000| Untracked 
| 103|0x0000000089500000, 0x0000000089500000, 0x0000000089600000|  0%| F|  |TAMS 0x0000000089500000, 0x0000000089500000| Untracked 
| 104|0x0000000089600000, 0x0000000089600000, 0x0000000089700000|  0%| F|  |TAMS 0x0000000089600000, 0x0000000089600000| Untracked 
| 105|0x0000000089700000, 0x0000000089700000, 0x0000000089800000|  0%| F|  |TAMS 0x0000000089700000, 0x0000000089700000| Untracked 
| 106|0x0000000089800000, 0x0000000089800000, 0x0000000089900000|  0%| F|  |TAMS 0x0000000089800000, 0x0000000089800000| Untracked 
| 107|0x0000000089900000, 0x0000000089900000, 0x0000000089a00000|  0%| F|  |TAMS 0x0000000089900000, 0x0000000089900000| Untracked 
| 108|0x0000000089a00000, 0x0000000089a00000, 0x0000000089b00000|  0%| F|  |TAMS 0x0000000089a00000, 0x0000000089a00000| Untracked 
| 109|0x0000000089b00000, 0x0000000089b00000, 0x0000000089c00000|  0%| F|  |TAMS 0x0000000089b00000, 0x0000000089b00000| Untracked 
| 110|0x0000000089c00000, 0x0000000089c00000, 0x0000000089d00000|  0%| F|  |TAMS 0x0000000089c00000, 0x0000000089c00000| Untracked 
| 111|0x0000000089d00000, 0x0000000089d00000, 0x0000000089e00000|  0%| F|  |TAMS 0x0000000089d00000, 0x0000000089d00000| Untracked 
| 112|0x0000000089e00000, 0x0000000089e00000, 0x0000000089f00000|  0%| F|  |TAMS 0x0000000089e00000, 0x0000000089e00000| Untracked 
| 113|0x0000000089f00000, 0x0000000089f00000, 0x000000008a000000|  0%| F|  |TAMS 0x0000000089f00000, 0x0000000089f00000| Untracked 
| 114|0x000000008a000000, 0x000000008a000000, 0x000000008a100000|  0%| F|  |TAMS 0x000000008a000000, 0x000000008a000000| Untracked 
| 115|0x000000008a100000, 0x000000008a100000, 0x000000008a200000|  0%| F|  |TAMS 0x000000008a100000, 0x000000008a100000| Untracked 
| 116|0x000000008a200000, 0x000000008a200800, 0x000000008a300000|  0%| E|  |TAMS 0x000000008a200000, 0x000000008a200000| Complete 
| 117|0x000000008a300000, 0x000000008a400000, 0x000000008a400000|100%| E|CS|TAMS 0x000000008a300000, 0x000000008a300000| Complete 
| 118|0x000000008a400000, 0x000000008a500000, 0x000000008a500000|100%| E|CS|TAMS 0x000000008a400000, 0x000000008a400000| Complete 
| 119|0x000000008a500000, 0x000000008a600000, 0x000000008a600000|100%| E|CS|TAMS 0x000000008a500000, 0x000000008a500000| Complete 
| 120|0x000000008a600000, 0x000000008a700000, 0x000000008a700000|100%| E|CS|TAMS 0x000000008a600000, 0x000000008a600000| Complete 
| 121|0x000000008a700000, 0x000000008a800000, 0x000000008a800000|100%| E|CS|TAMS 0x000000008a700000, 0x000000008a700000| Complete 
| 122|0x000000008a800000, 0x000000008a900000, 0x000000008a900000|100%| E|CS|TAMS 0x000000008a800000, 0x000000008a800000| Complete 
| 123|0x000000008a900000, 0x000000008aa00000, 0x000000008aa00000|100%| E|CS|TAMS 0x000000008a900000, 0x000000008a900000| Complete 
| 124|0x000000008aa00000, 0x000000008ab00000, 0x000000008ab00000|100%| E|CS|TAMS 0x000000008aa00000, 0x000000008aa00000| Complete 
| 125|0x000000008ab00000, 0x000000008ac00000, 0x000000008ac00000|100%| E|CS|TAMS 0x000000008ab00000, 0x000000008ab00000| Complete 

Card table byte_map: [0x0000020371d60000,0x0000020372150000] _byte_map_base: 0x0000020371949000

Marking Bits (Prev, Next): (CMBitMap*) 0x000002035a0666a8, (CMBitMap*) 0x000002035a0666e8
 Prev Bits: [0x0000020372540000, 0x0000020374488000)
 Next Bits: [0x0000020374490000, 0x00000203763d8000)

Polling page: 0x0000020357f80000

Metaspace:

Usage:
  Non-class:      4.66 MB capacity,     2.53 MB ( 54%) used,     2.12 MB ( 45%) free+waste,    13.06 KB ( <1%) overhead. 
      Class:    579.00 KB capacity,   278.13 KB ( 48%) used,   293.00 KB ( 51%) free+waste,     7.88 KB (  1%) overhead. 
       Both:      5.23 MB capacity,     2.81 MB ( 54%) used,     2.40 MB ( 46%) free+waste,    20.94 KB ( <1%) overhead. 

Virtual space:
  Non-class space:        8.00 MB reserved,       4.75 MB ( 59%) committed 
      Class space:        1.00 GB reserved,     640.00 KB ( <1%) committed 
             Both:        1.01 GB reserved,       5.38 MB ( <1%) committed 

Chunk freelists:
   Non-Class:  1.00 KB
       Class:  0 bytes
        Both:  1.00 KB

MaxMetaspaceSize: 17179869184.00 GB
CompressedClassSpaceSize: 1.00 GB

CodeHeap 'non-profiled nmethods': size=120000Kb used=204Kb max_used=204Kb free=119795Kb
 bounds [0x000002036a000000, 0x000002036a270000, 0x0000020371530000]
CodeHeap 'profiled nmethods': size=120000Kb used=1377Kb max_used=1377Kb free=118622Kb
 bounds [0x0000020362ad0000, 0x0000020362d40000, 0x000002036a000000]
CodeHeap 'non-nmethods': size=5760Kb used=1173Kb max_used=1181Kb free=4586Kb
 bounds [0x0000020362530000, 0x00000203627a0000, 0x0000020362ad0000]
 total_blobs=1623 nmethods=810 adapters=334
 compilation: enabled
              stopped_count=0, restarted_count=0
 full_count=0

Compilation events (20 events):
Event: 2.511 Thread 0x0000020378e2a800  834       2       sun.security.provider.SHA2::resetHashes (19 bytes)
Event: 2.511 Thread 0x0000020378e2a800 nmethod 834 0x0000020362c24190 code [0x0000020362c24340, 0x0000020362c24550]
Event: 2.517 Thread 0x0000020378e2a800  842       2       sun.security.jca.GetInstance::checkSuperClass (68 bytes)
Event: 2.519 Thread 0x0000020378e2a800 nmethod 842 0x0000020362c24610 code [0x0000020362c24860, 0x0000020362c24df0]
Event: 2.529 Thread 0x0000020378e2a800  845       2       java.lang.StringConcatHelper::checkOverflow (17 bytes)
Event: 2.530 Thread 0x0000020378e2a800 nmethod 845 0x0000020362c25110 code [0x0000020362c252c0, 0x0000020362c254d0]
Event: 2.546 Thread 0x0000020378e2a800  846       2       java.nio.DirectByteBuffer::<init> (53 bytes)
Event: 2.546 Thread 0x0000020378e2a800 nmethod 846 0x0000020362c25590 code [0x0000020362c25760, 0x0000020362c25a90]
Event: 2.546 Thread 0x0000020378e2a800  847   !   2       jdk.internal.jimage.BasicImageReader::slice (32 bytes)
Event: 2.547 Thread 0x0000020378e2a800 nmethod 847 0x0000020362c25c10 code [0x0000020362c25de0, 0x0000020362c26170]
Event: 2.547 Thread 0x0000020378e2a800  848       2       java.nio.DirectByteBufferR::<init> (19 bytes)
Event: 2.547 Thread 0x0000020378e2a800 nmethod 848 0x0000020362c26310 code [0x0000020362c264c0, 0x0000020362c26670]
Event: 2.547 Thread 0x0000020378e2a800  849       2       java.nio.DirectByteBufferR::slice (81 bytes)
Event: 2.547 Thread 0x0000020378e2a800 nmethod 849 0x0000020362c26710 code [0x0000020362c268c0, 0x0000020362c26b30]
Event: 2.547 Thread 0x0000020378e2a800  851       2       java.lang.String::getChars (54 bytes)
Event: 2.548 Thread 0x0000020378e2a800 nmethod 851 0x0000020362c26c10 code [0x0000020362c26de0, 0x0000020362c270a0]
Event: 2.548 Thread 0x0000020378e2a800  852       2       java.lang.StringLatin1::getChars (12 bytes)
Event: 2.548 Thread 0x0000020378e2a800 nmethod 852 0x0000020362c27210 code [0x0000020362c273c0, 0x0000020362c275d8]
Event: 2.564 Thread 0x0000020378e2a800  861       2       java.lang.StringLatin1::toLowerCase (180 bytes)
Event: 2.566 Thread 0x0000020378e2a800 nmethod 861 0x0000020362c27790 code [0x0000020362c279c0, 0x0000020362c28120]

GC Heap History (2 events):
Event: 2.504 GC heap before
{Heap before GC invocations=0 (full 0):
 garbage-first heap   total 129024K, used 24576K [0x0000000082e00000, 0x0000000100000000)
  region size 1024K, 24 young (24576K), 0 survivors (0K)
 Metaspace       used 2830K, capacity 5354K, committed 5504K, reserved 1056768K
  class space    used 273K, capacity 579K, committed 640K, reserved 1048576K
}
Event: 2.507 GC heap after
{Heap after GC invocations=1 (full 0):
 garbage-first heap   total 129024K, used 1880K [0x0000000082e00000, 0x0000000100000000)
  region size 1024K, 2 young (2048K), 2 survivors (2048K)
 Metaspace       used 2830K, capacity 5354K, committed 5504K, reserved 1056768K
  class space    used 273K, capacity 579K, committed 640K, reserved 1048576K
}

Deoptimization events (20 events):
Event: 2.557 Thread 0x00000203799c6000 DEOPT PACKING pc=0x0000020362bef5df sp=0x000000ebfc1fec90
Event: 2.557 Thread 0x00000203799c6000 DEOPT UNPACKING pc=0x000002036257964e sp=0x000000ebfc1fe130 mode 0
Event: 2.558 Thread 0x00000203799c6000 DEOPT PACKING pc=0x0000020362c0ddb2 sp=0x000000ebfc1feca0
Event: 2.558 Thread 0x00000203799c6000 DEOPT UNPACKING pc=0x000002036257964e sp=0x000000ebfc1fe108 mode 0
Event: 2.558 Thread 0x00000203799c6000 DEOPT PACKING pc=0x0000020362bef5df sp=0x000000ebfc1fec90
Event: 2.558 Thread 0x00000203799c6000 DEOPT UNPACKING pc=0x000002036257964e sp=0x000000ebfc1fe130 mode 0
Event: 2.559 Thread 0x00000203799c6000 DEOPT PACKING pc=0x0000020362bfe448 sp=0x000000ebfc1fec70
Event: 2.559 Thread 0x00000203799c6000 DEOPT UNPACKING pc=0x000002036257964e sp=0x000000ebfc1fe128 mode 0
Event: 2.559 Thread 0x00000203799c6000 DEOPT PACKING pc=0x0000020362bef5df sp=0x000000ebfc1fec90
Event: 2.559 Thread 0x00000203799c6000 DEOPT UNPACKING pc=0x000002036257964e sp=0x000000ebfc1fe130 mode 0
Event: 2.561 Thread 0x00000203799c6000 DEOPT PACKING pc=0x0000020362bef5df sp=0x000000ebfc1fec90
Event: 2.561 Thread 0x00000203799c6000 DEOPT UNPACKING pc=0x000002036257964e sp=0x000000ebfc1fe130 mode 0
Event: 2.562 Thread 0x00000203799c6000 DEOPT PACKING pc=0x0000020362bef5df sp=0x000000ebfc1fec90
Event: 2.562 Thread 0x00000203799c6000 DEOPT UNPACKING pc=0x000002036257964e sp=0x000000ebfc1fe130 mode 0
Event: 2.562 Thread 0x00000203799c6000 DEOPT PACKING pc=0x0000020362bfe448 sp=0x000000ebfc1febb0
Event: 2.562 Thread 0x00000203799c6000 DEOPT UNPACKING pc=0x000002036257964e sp=0x000000ebfc1fe068 mode 0
Event: 2.563 Thread 0x00000203799c6000 DEOPT PACKING pc=0x0000020362bef5df sp=0x000000ebfc1fec90
Event: 2.563 Thread 0x00000203799c6000 DEOPT UNPACKING pc=0x000002036257964e sp=0x000000ebfc1fe130 mode 0
Event: 2.564 Thread 0x00000203799c6000 DEOPT PACKING pc=0x0000020362bef5df sp=0x000000ebfc1fec90
Event: 2.564 Thread 0x00000203799c6000 DEOPT UNPACKING pc=0x000002036257964e sp=0x000000ebfc1fe130 mode 0

Classes unloaded (0 events):
No events

Classes redefined (0 events):
No events

Internal exceptions (4 events):
Event: 0.168 Thread 0x000002035a022800 Exception <a 'java/lang/NoSuchMethodError'{0x000000008a97c4f0}: 'int java.lang.invoke.DirectMethodHandle$Holder.invokeSpecialIFC(java.lang.Object, java.lang.Object, int)'> (0x000000008a97c4f0) 
thrown [t:/workspace/open/src/hotspot/share/interpreter/linkResolver.cpp, line 767]
Event: 2.220 Thread 0x00000203799be000 Exception <a 'java/lang/NoSuchMethodError'{0x000000008a4743e8}: 'java.lang.Object java.lang.invoke.DirectMethodHandle$Holder.invokeSpecial(java.lang.Object, java.lang.Object, java.lang.Object, long, long)'> (0x000000008a4743e8) 
thrown [t:/workspace/open/src/hotspot/share/interpreter/linkResolver.cpp, line 767]
Event: 2.413 Thread 0x00000203799be000 Exception <a 'java/lang/NoSuchMethodError'{0x000000008a1424c8}: 'java.lang.Object java.lang.invoke.DirectMethodHandle$Holder.invokeSpecial(java.lang.Object, java.lang.Object, java.lang.Object, java.lang.Object, java.lang.Object, long)'> (0x000000008a1424c8) 
thrown [t:/workspace/open/src/hotspot/share/interpreter/linkResolver.cpp, line 767]
Event: 2.413 Thread 0x00000203799be000 Exception <a 'java/lang/NoSuchMethodError'{0x000000008a145408}: 'java.lang.Object java.lang.invoke.Invokers$Holder.linkToTargetMethod(java.lang.Object, java.lang.Object, java.lang.Object, long, java.lang.Object)'> (0x000000008a145408) 
thrown [t:/workspace/open/src/hotspot/share/interpreter/linkResolver.cpp, line 767]

Events (20 events):
Event: 2.565 Executing VM operation: RevokeBias
Event: 2.565 Executing VM operation: RevokeBias done
Event: 2.565 Executing VM operation: RevokeBias
Event: 2.565 Executing VM operation: RevokeBias done
Event: 2.565 Executing VM operation: RevokeBias
Event: 2.565 Executing VM operation: RevokeBias done
Event: 2.565 Executing VM operation: RevokeBias
Event: 2.565 Executing VM operation: RevokeBias done
Event: 2.565 Executing VM operation: RevokeBias
Event: 2.565 Executing VM operation: RevokeBias done
Event: 2.565 Executing VM operation: RevokeBias
Event: 2.565 Executing VM operation: RevokeBias done
Event: 2.565 Executing VM operation: RevokeBias
Event: 2.565 Executing VM operation: RevokeBias done
Event: 2.565 Executing VM operation: RevokeBias
Event: 2.565 Executing VM operation: RevokeBias done
Event: 2.565 Executing VM operation: BulkRevokeBias
Event: 2.565 Executing VM operation: BulkRevokeBias done
Event: 2.566 Executing VM operation: RevokeBias
Event: 2.566 Executing VM operation: RevokeBias done


Dynamic libraries:
0x00007ff677770000 - 0x00007ff67777f000 	C:\Program Files\Java\jdk-13.0.2\bin\java.exe
0x00007ffc10fd0000 - 0x00007ffc111c6000 	C:\WINDOWS\SYSTEM32\ntdll.dll
0x00007ffbe9870000 - 0x00007ffbe9882000 	C:\Program Files\AVAST Software\Avast\aswhook.dll
0x00007ffc0fb50000 - 0x00007ffc0fc0d000 	C:\WINDOWS\System32\KERNEL32.DLL
0x00007ffc0ea50000 - 0x00007ffc0ed19000 	C:\WINDOWS\System32\KERNELBASE.dll
0x00007ffc0e8d0000 - 0x00007ffc0e9d0000 	C:\WINDOWS\System32\ucrtbase.dll
0x00007ffc08c90000 - 0x00007ffc08ca8000 	C:\Program Files\Java\jdk-13.0.2\bin\jli.dll
0x00007ffc08c70000 - 0x00007ffc08c85000 	C:\Program Files\Java\jdk-13.0.2\bin\VCRUNTIME140.dll
0x00007ffc10e80000 - 0x00007ffc10f2c000 	C:\WINDOWS\System32\ADVAPI32.dll
0x00007ffc0f860000 - 0x00007ffc0f8fe000 	C:\WINDOWS\System32\msvcrt.dll
0x00007ffc0f980000 - 0x00007ffc0fa1c000 	C:\WINDOWS\System32\sechost.dll
0x00007ffc10010000 - 0x00007ffc1013b000 	C:\WINDOWS\System32\RPCRT4.dll
0x00007ffc10ac0000 - 0x00007ffc10c60000 	C:\WINDOWS\System32\USER32.dll
0x00007ffc0ee80000 - 0x00007ffc0eea2000 	C:\WINDOWS\System32\win32u.dll
0x00007ffc02280000 - 0x00007ffc0251b000 	C:\WINDOWS\WinSxS\amd64_microsoft.windows.common-controls_6595b64144ccf1df_6.0.19041.746_none_ca02b4b61b8320a4\COMCTL32.dll
0x00007ffc0fc70000 - 0x00007ffc0fc9a000 	C:\WINDOWS\System32\GDI32.dll
0x00007ffc0e7c0000 - 0x00007ffc0e8cb000 	C:\WINDOWS\System32\gdi32full.dll
0x00007ffc0ef90000 - 0x00007ffc0f02d000 	C:\WINDOWS\System32\msvcp_win.dll
0x00007ffc063f0000 - 0x00007ffc063fa000 	C:\WINDOWS\SYSTEM32\VERSION.dll
0x00007ffc0f710000 - 0x00007ffc0f740000 	C:\WINDOWS\System32\IMM32.DLL
0x00007ffc031f0000 - 0x00007ffc0328b000 	C:\Program Files\Java\jdk-13.0.2\bin\msvcp140.dll
0x00007ffb9ca10000 - 0x00007ffb9d56d000 	C:\Program Files\Java\jdk-13.0.2\bin\server\jvm.dll
0x00007ffc10a20000 - 0x00007ffc10a28000 	C:\WINDOWS\System32\PSAPI.DLL
0x00007ffc05dd0000 - 0x00007ffc05df7000 	C:\WINDOWS\SYSTEM32\WINMM.dll
0x00007ffbfa990000 - 0x00007ffbfa999000 	C:\WINDOWS\SYSTEM32\WSOCK32.dll
0x00007ffc10a30000 - 0x00007ffc10a9b000 	C:\WINDOWS\System32\WS2_32.dll
0x00007ffc0c660000 - 0x00007ffc0c672000 	C:\WINDOWS\SYSTEM32\kernel.appcore.dll
0x00007ffc0a490000 - 0x00007ffc0a4a0000 	C:\Program Files\Java\jdk-13.0.2\bin\verify.dll
0x00007ffc02cb0000 - 0x00007ffc02e94000 	C:\WINDOWS\SYSTEM32\DBGHELP.DLL
0x00007ffbffcf0000 - 0x00007ffbffd1c000 	C:\WINDOWS\SYSTEM32\dbgcore.DLL
0x00007ffc0e9d0000 - 0x00007ffc0ea50000 	C:\WINDOWS\System32\bcryptPrimitives.dll
0x00007ffc06ed0000 - 0x00007ffc06ef6000 	C:\Program Files\Java\jdk-13.0.2\bin\java.dll
0x00007ffc08c60000 - 0x00007ffc08c6e000 	C:\Program Files\Java\jdk-13.0.2\bin\instrument.dll
0x00007ffc06be0000 - 0x00007ffc06bf7000 	C:\Program Files\Java\jdk-13.0.2\bin\zip.dll
0x00007ffc0a470000 - 0x00007ffc0a47a000 	C:\Program Files\Java\jdk-13.0.2\bin\jimage.dll
0x00007ffc10220000 - 0x00007ffc10962000 	C:\WINDOWS\System32\SHELL32.dll
0x00007ffc0c860000 - 0x00007ffc0cff0000 	C:\WINDOWS\SYSTEM32\windows.storage.dll
0x00007ffc0fcb0000 - 0x00007ffc10006000 	C:\WINDOWS\System32\combase.dll
0x00007ffc0e170000 - 0x00007ffc0e19c000 	C:\WINDOWS\SYSTEM32\Wldp.dll
0x00007ffc0f660000 - 0x00007ffc0f70e000 	C:\WINDOWS\System32\SHCORE.dll
0x00007ffc10e20000 - 0x00007ffc10e75000 	C:\WINDOWS\System32\shlwapi.dll
0x00007ffc0e640000 - 0x00007ffc0e666000 	C:\WINDOWS\SYSTEM32\profapi.dll
0x00007ffc06bc0000 - 0x00007ffc06bd9000 	C:\Program Files\Java\jdk-13.0.2\bin\net.dll
0x00007ffc03080000 - 0x00007ffc03180000 	C:\WINDOWS\SYSTEM32\WINHTTP.dll
0x00007ffc0def0000 - 0x00007ffc0df5a000 	C:\WINDOWS\system32\mswsock.dll
0x00007ffc06a10000 - 0x00007ffc06a23000 	C:\Program Files\Java\jdk-13.0.2\bin\nio.dll
0x00007ffc01f90000 - 0x00007ffc01faa000 	C:\Program Files\JetBrains\IntelliJ IDEA 2020.2.3\bin\breakgen64.dll
0x0000000069340000 - 0x00000000693c5000 	C:\Users\cp_di\AppData\Local\Temp\sqlite-3.7.2-sqlitejdbc.dll

dbghelp: loaded successfully - version: 4.0.5 - missing functions: none
symbol engine: initialized successfully - sym options: 0x614 - pdb path: .;C:\Program Files\Java\jdk-13.0.2\bin;C:\WINDOWS\SYSTEM32;C:\Program Files\AVAST Software\Avast;C:\WINDOWS\WinSxS\amd64_microsoft.windows.common-controls_6595b64144ccf1df_6.0.19041.746_none_ca02b4b61b8320a4;C:\Program Files\Java\jdk-13.0.2\bin\server;C:\Program Files\JetBrains\IntelliJ IDEA 2020.2.3\bin;C:\Users\cp_di\AppData\Local\Temp

VM Arguments:
jvm_args: -javaagent:C:\Program Files\JetBrains\IntelliJ IDEA 2020.2.3\lib\idea_rt.jar=64323:C:\Program Files\JetBrains\IntelliJ IDEA 2020.2.3\bin -Dfile.encoding=UTF-8 
java_command: com.company.Main
java_class_path (initial): C:\my_workspaces\intellij_workspace\Ergasia01\out\production\Ergasia01;C:\my_workspaces\intellij_workspace\Ergasia01\res\sqlite-jdbc-3.7.2.jar
Launcher Type: SUN_STANDARD

[Global flags]
     intx CICompilerCount                          = 4                                         {product} {ergonomic}
     uint ConcGCThreads                            = 2                                         {product} {ergonomic}
     uint G1ConcRefinementThreads                  = 8                                         {product} {ergonomic}
   size_t G1HeapRegionSize                         = 1048576                                   {product} {ergonomic}
    uintx GCDrainStackTargetSize                   = 64                                        {product} {ergonomic}
   size_t InitialHeapSize                          = 132120576                                 {product} {ergonomic}
   size_t MarkStackSize                            = 4194304                                   {product} {ergonomic}
   size_t MaxHeapSize                              = 2099249152                                {product} {ergonomic}
   size_t MaxNewSize                               = 1259339776                                {product} {ergonomic}
   size_t MinHeapDeltaBytes                        = 1048576                                   {product} {ergonomic}
   size_t MinHeapSize                              = 8388608                                   {product} {ergonomic}
    uintx NonNMethodCodeHeapSize                   = 5839372                                {pd product} {ergonomic}
    uintx NonProfiledCodeHeapSize                  = 122909434                              {pd product} {ergonomic}
    uintx ProfiledCodeHeapSize                     = 122909434                              {pd product} {ergonomic}
    uintx ReservedCodeCacheSize                    = 251658240                              {pd product} {ergonomic}
     bool SegmentedCodeCache                       = true                                      {product} {ergonomic}
   size_t SoftMaxHeapSize                          = 2099249152                             {manageable} {ergonomic}
     bool UseCompressedClassPointers               = true                                 {lp64_product} {ergonomic}
     bool UseCompressedOops                        = true                                 {lp64_product} {ergonomic}
     bool UseG1GC                                  = true                                      {product} {ergonomic}
     bool UseLargePagesIndividualAllocation        = false                                  {pd product} {ergonomic}

Logging:
Log output configuration:
 #0: stdout all=warning uptime,level,tags
 #1: stderr all=off uptime,level,tags

Environment Variables:
JAVA_HOME=C:\Program Files\Java\jdk-13.0.2
JRE_HOME=C:\Program Files\Java\jdk-13.0.2
PATH=C:\Program Files\Microsoft MPI\Bin\;C:\Program Files (x86)\Common Files\Oracle\Java\javapath;C:\Windows\system32;C:\Windows;C:\Windows\System32\Wbem;C:\Windows\System32\WindowsPowerShell\v1.0\;C:\Windows\System32\OpenSSH\;C:\Program Files (x86)\NVIDIA Corporation\PhysX\Common;C:\Program Files\NVIDIA Corporation\NVIDIA NvDLISR;C:\Program Files\MySQL\MySQL Server 8.0\bin;C:\Program Files\apache-maven-3.6.3-bin\apache-maven-3.6.3\bin;C:\Program Files\nodejs;C:\Program Files\Java\jdk-13.0.2\bin;C:\Program Files\Git\cmd;C:\ProgramData\ComposerSetup\bin;C:\Program Files\Microsoft SQL Server\130\Tools\Binn\;C:\Program Files\Microsoft SQL Server\Client SDK\ODBC\170\Tools\Binn\;C:\Program Files\OpenVPN\bin;C:\WINDOWS\system32;C:\WINDOWS;C:\WINDOWS\System32\Wbem;C:\WINDOWS\System32\WindowsPowerShell\v1.0\;C:\WINDOWS\System32\OpenSSH\;C:\mailhog;C:\Program Files\dotnet\;C:\sqlite;C:\Users\cp_di\AppData\Local\Programs\Python\Python37\Scripts\;C:\Users\cp_di\AppData\Local\Programs\Python\Python37\;C:\Users\cp_di\AppData\Local\Microsoft\WindowsApps;C:\Users\cp_di\AppData\Roaming\npm;C:\Users\cp_di\AppData\Local\Programs\Microsoft VS Code\bin;C:\Program Files\Java\jdk-13.0.2\bin;C:\Users\cp_di\AppData\Local\atom\bin;C:\xampp_7_4\php;C:\Program Files\JetBrains\IntelliJ IDEA 2020.1.2\bin;;C:\Users\cp_di\AppData\Roaming\Composer\vendor\bin;C:\Users\cp_di\AppData\Local\Microsoft\WindowsApps;C:\mailhog;C:\Users\cp_di\.dotnet\tools;C:\sqlite;
USERNAME=cp_di
OS=Windows_NT
PROCESSOR_IDENTIFIER=AMD64 Family 23 Model 24 Stepping 1, AuthenticAMD



---------------  S Y S T E M  ---------------

OS: Windows 10 , 64 bit Build 19041 (10.0.19041.804)

CPU:total 8 (initial active 8) (8 cores per cpu, 2 threads per core) family 23 model 24 stepping 1, cmov, cx8, fxsr, mmx, sse, sse2, sse3, ssse3, sse4.1, sse4.2, popcnt, avx, avx2, aes, clmul, mmxext, 3dnowpref, lzcnt, sse4a, ht, tsc, tscinvbit, tscinv, bmi1, bmi2, adx, sha, fma

Memory: 4k page, system-wide physical 8000M (922M free)
TotalPageFile size 16582M (AvailPageFile size 2362M)
current process WorkingSet (physical memory assigned to process): 190M, peak: 190M
current process commit charge ("private bytes"): 345M, peak: 345M

vm_info: Java HotSpot(TM) 64-Bit Server VM (13.0.2+8) for windows-amd64 JRE (13.0.2+8), built on Dec 11 2019 09:20:33 by "mach5one" with unknown MS VC++:1916

END.
